  [1m[35m (207.6ms)[0m  [1m[35mCREATE DATABASE "tunr_app_api_development" ENCODING = 'unicode'[0m
  [1m[35m (100.8ms)[0m  [1m[35mCREATE DATABASE "tunr_app_api_test" ENCODING = 'unicode'[0m
  [1m[35m (5.7ms)[0m  [1m[35mCREATE TABLE "schema_migrations" ("version" character varying NOT NULL PRIMARY KEY)[0m
  [1m[35m (5.9ms)[0m  [1m[35mCREATE TABLE "ar_internal_metadata" ("key" character varying NOT NULL PRIMARY KEY, "value" character varying, "created_at" timestamp(6) NOT NULL, "updated_at" timestamp(6) NOT NULL)[0m
  [1m[35m (0.4ms)[0m  [1m[34mSELECT pg_try_advisory_lock(1874975070089793210)[0m
  [1m[35m (0.7ms)[0m  [1m[34mSELECT "schema_migrations"."version" FROM "schema_migrations" ORDER BY "schema_migrations"."version" ASC[0m
Migrating to CreateSongs (20200806165345)
  [1m[35m (0.2ms)[0m  [1m[35mBEGIN[0m
  [1m[35m (8.0ms)[0m  [1m[35mCREATE TABLE "songs" ("id" bigserial primary key, "title" character varying, "artist" character varying, "time" character varying, "favorite" boolean DEFAULT FALSE, "created_at" timestamp(6) NOT NULL, "updated_at" timestamp(6) NOT NULL)[0m
  [1m[36mprimary::SchemaMigration Create (0.7ms)[0m  [1m[32mINSERT INTO "schema_migrations" ("version") VALUES ($1) RETURNING "version"[0m  [["version", "20200806165345"]]
  [1m[35m (0.5ms)[0m  [1m[35mCOMMIT[0m
  [1m[36mActiveRecord::InternalMetadata Load (0.4ms)[0m  [1m[34mSELECT "ar_internal_metadata".* FROM "ar_internal_metadata" WHERE "ar_internal_metadata"."key" = $1 LIMIT $2[0m  [["key", "environment"], ["LIMIT", 1]]
  [1m[35m (0.1ms)[0m  [1m[35mBEGIN[0m
  [1m[36mActiveRecord::InternalMetadata Create (0.6ms)[0m  [1m[32mINSERT INTO "ar_internal_metadata" ("key", "value", "created_at", "updated_at") VALUES ($1, $2, $3, $4) RETURNING "key"[0m  [["key", "environment"], ["value", "development"], ["created_at", "2020-08-06 16:55:35.464925"], ["updated_at", "2020-08-06 16:55:35.464925"]]
  [1m[35m (0.5ms)[0m  [1m[35mCOMMIT[0m
  [1m[35m (0.3ms)[0m  [1m[34mSELECT pg_advisory_unlock(1874975070089793210)[0m
  [1m[35m (2.3ms)[0m  [1m[34mSELECT "schema_migrations"."version" FROM "schema_migrations" ORDER BY "schema_migrations"."version" ASC[0m
  [1m[36mSong Load (1.0ms)[0m  [1m[34mSELECT "songs".* FROM "songs" LIMIT $1[0m  [["LIMIT", 11]]
  [1m[35m (0.7ms)[0m  [1m[34mSELECT "schema_migrations"."version" FROM "schema_migrations" ORDER BY "schema_migrations"."version" ASC[0m
  [1m[35m (0.2ms)[0m  [1m[35mBEGIN[0m
  [1m[36mSong Create (65.7ms)[0m  [1m[32mINSERT INTO "songs" ("title", "artist", "time", "created_at", "updated_at") VALUES ($1, $2, $3, $4, $5) RETURNING "id"[0m  [["title", "Seventeen"], ["artist", "Sharon Van Etten"], ["time", "3:33"], ["created_at", "2020-08-06 17:16:45.068812"], ["updated_at", "2020-08-06 17:16:45.068812"]]
  [1m[35m (121.5ms)[0m  [1m[35mCOMMIT[0m
  [1m[35m (0.1ms)[0m  [1m[35mBEGIN[0m
  [1m[36mSong Create (0.3ms)[0m  [1m[32mINSERT INTO "songs" ("title", "artist", "time", "created_at", "updated_at") VALUES ($1, $2, $3, $4, $5) RETURNING "id"[0m  [["title", "Holocene"], ["artist", "Bon Iver"], ["time", "5:36"], ["created_at", "2020-08-06 17:16:45.259333"], ["updated_at", "2020-08-06 17:16:45.259333"]]
  [1m[35m (32.5ms)[0m  [1m[35mCOMMIT[0m
  [1m[35m (0.1ms)[0m  [1m[35mBEGIN[0m
  [1m[36mSong Create (0.3ms)[0m  [1m[32mINSERT INTO "songs" ("title", "artist", "time", "created_at", "updated_at") VALUES ($1, $2, $3, $4, $5) RETURNING "id"[0m  [["title", "Movement"], ["artist", "Hozier"], ["time", "3:58"], ["created_at", "2020-08-06 17:16:45.294973"], ["updated_at", "2020-08-06 17:16:45.294973"]]
  [1m[35m (30.4ms)[0m  [1m[35mCOMMIT[0m
  [1m[35m (0.1ms)[0m  [1m[35mBEGIN[0m
  [1m[36mSong Create (0.3ms)[0m  [1m[32mINSERT INTO "songs" ("title", "artist", "time", "created_at", "updated_at") VALUES ($1, $2, $3, $4, $5) RETURNING "id"[0m  [["title", "Slack Jaw"], ["artist", "Sylvan Esso"], ["time", "3:05"], ["created_at", "2020-08-06 17:16:45.328216"], ["updated_at", "2020-08-06 17:16:45.328216"]]
  [1m[35m (32.7ms)[0m  [1m[35mCOMMIT[0m
  [1m[35m (0.1ms)[0m  [1m[35mBEGIN[0m
  [1m[36mSong Create (0.3ms)[0m  [1m[32mINSERT INTO "songs" ("title", "artist", "time", "created_at", "updated_at") VALUES ($1, $2, $3, $4, $5) RETURNING "id"[0m  [["title", "Everything Looks Better"], ["artist", "The Wild Reeds"], ["time", "5:28"], ["created_at", "2020-08-06 17:16:45.363949"], ["updated_at", "2020-08-06 17:16:45.363949"]]
  [1m[35m (32.5ms)[0m  [1m[35mCOMMIT[0m
  [1m[35m (0.1ms)[0m  [1m[35mBEGIN[0m
  [1m[36mSong Create (0.3ms)[0m  [1m[32mINSERT INTO "songs" ("title", "artist", "time", "created_at", "updated_at") VALUES ($1, $2, $3, $4, $5) RETURNING "id"[0m  [["title", "Jack and Blow"], ["artist", "Atta Boy"], ["time", "3:42"], ["created_at", "2020-08-06 17:16:45.399479"], ["updated_at", "2020-08-06 17:16:45.399479"]]
  [1m[35m (30.3ms)[0m  [1m[35mCOMMIT[0m
  [1m[36mSong Load (0.7ms)[0m  [1m[34mSELECT "songs".* FROM "songs"[0m
Started GET "/" for ::1 at 2020-08-06 13:23:41 -0400
  [1m[35m (0.8ms)[0m  [1m[34mSELECT "schema_migrations"."version" FROM "schema_migrations" ORDER BY "schema_migrations"."version" ASC[0m
Processing by Rails::WelcomeController#index as HTML
  Rendering /Users/anniedavis/.rbenv/versions/2.7.1/lib/ruby/gems/2.7.0/gems/railties-6.0.3.2/lib/rails/templates/rails/welcome/index.html.erb
  Rendered /Users/anniedavis/.rbenv/versions/2.7.1/lib/ruby/gems/2.7.0/gems/railties-6.0.3.2/lib/rails/templates/rails/welcome/index.html.erb (Duration: 7.0ms | Allocations: 409)
Completed 200 OK in 18ms (Views: 13.5ms | ActiveRecord: 0.0ms | Allocations: 2255)


Started GET "/songs" for ::1 at 2020-08-06 13:24:32 -0400
Processing by SongsController#index as HTML
  [1m[36mSong Load (0.8ms)[0m  [1m[34mSELECT "songs".* FROM "songs"[0m
  ↳ app/controllers/songs_controller.rb:8:in `index'
Completed 200 OK in 21ms (Views: 11.7ms | ActiveRecord: 7.3ms | Allocations: 6183)


Started GET "/songs" for ::1 at 2020-08-06 13:25:01 -0400
Processing by SongsController#index as */*
  Parameters: {"tweet"=>{"title"=>"Goodbye Yellow Brick Road", "author"=>"Elton John", "content"=>"its a new life for me"}}
  [1m[36mSong Load (0.3ms)[0m  [1m[34mSELECT "songs".* FROM "songs"[0m
  ↳ app/controllers/songs_controller.rb:8:in `index'
Completed 200 OK in 4ms (Views: 2.9ms | ActiveRecord: 0.3ms | Allocations: 1592)


Started POST "/songs" for ::1 at 2020-08-06 13:26:01 -0400
Processing by SongsController#create as */*
  Parameters: {"song"=>{"title"=>"Goodbye Yellow Brick Road", "artist"=>"Elton John", "time"=>"4:00"}}
  [1m[35m (0.2ms)[0m  [1m[35mBEGIN[0m
  ↳ app/controllers/songs_controller.rb:20:in `create'
  [1m[36mSong Create (0.7ms)[0m  [1m[32mINSERT INTO "songs" ("title", "artist", "time", "created_at", "updated_at") VALUES ($1, $2, $3, $4, $5) RETURNING "id"[0m  [["title", "Goodbye Yellow Brick Road"], ["artist", "Elton John"], ["time", "4:00"], ["created_at", "2020-08-06 17:26:01.570564"], ["updated_at", "2020-08-06 17:26:01.570564"]]
  ↳ app/controllers/songs_controller.rb:20:in `create'
  [1m[35m (0.6ms)[0m  [1m[35mCOMMIT[0m
  ↳ app/controllers/songs_controller.rb:20:in `create'
Completed 201 Created in 7ms (Views: 0.7ms | ActiveRecord: 1.5ms | Allocations: 2815)


Started GET "/songs" for ::1 at 2020-08-06 13:26:08 -0400
Processing by SongsController#index as */*
  Parameters: {"song"=>{"title"=>"Goodbye Yellow Brick Road", "artist"=>"Elton John", "time"=>"4:00"}}
  [1m[36mSong Load (0.5ms)[0m  [1m[34mSELECT "songs".* FROM "songs"[0m
  ↳ app/controllers/songs_controller.rb:8:in `index'
Completed 200 OK in 3ms (Views: 2.6ms | ActiveRecord: 0.5ms | Allocations: 1737)


Started GET "/songs/4" for ::1 at 2020-08-06 13:26:16 -0400
Processing by SongsController#show as */*
  Parameters: {"song"=>{"title"=>"Goodbye Yellow Brick Road", "artist"=>"Elton John", "time"=>"4:00"}, "id"=>"4"}
  [1m[36mSong Load (0.5ms)[0m  [1m[34mSELECT "songs".* FROM "songs" WHERE "songs"."id" = $1 LIMIT $2[0m  [["id", 4], ["LIMIT", 1]]
  ↳ app/controllers/songs_controller.rb:44:in `set_song'
Completed 200 OK in 14ms (Views: 0.7ms | ActiveRecord: 0.6ms | Allocations: 2256)


Started GET "/songs/" for ::1 at 2020-08-06 13:26:24 -0400
Processing by SongsController#index as */*
  Parameters: {"song"=>{"title"=>"Goodbye Yellow Brick Road", "artist"=>"Elton John", "time"=>"4:00"}}
  [1m[36mSong Load (0.3ms)[0m  [1m[34mSELECT "songs".* FROM "songs"[0m
  ↳ app/controllers/songs_controller.rb:8:in `index'
Completed 200 OK in 3ms (Views: 2.2ms | ActiveRecord: 0.3ms | Allocations: 1737)


Started DELETE "/songs/7" for ::1 at 2020-08-06 13:26:32 -0400
Processing by SongsController#destroy as */*
  Parameters: {"song"=>{"title"=>"Goodbye Yellow Brick Road", "artist"=>"Elton John", "time"=>"4:00"}, "id"=>"7"}
  [1m[36mSong Load (0.4ms)[0m  [1m[34mSELECT "songs".* FROM "songs" WHERE "songs"."id" = $1 LIMIT $2[0m  [["id", 7], ["LIMIT", 1]]
  ↳ app/controllers/songs_controller.rb:44:in `set_song'
  [1m[35m (0.2ms)[0m  [1m[35mBEGIN[0m
  ↳ app/controllers/songs_controller.rb:38:in `destroy'
  [1m[36mSong Destroy (1.9ms)[0m  [1m[31mDELETE FROM "songs" WHERE "songs"."id" = $1[0m  [["id", 7]]
  ↳ app/controllers/songs_controller.rb:38:in `destroy'
  [1m[35m (0.4ms)[0m  [1m[35mCOMMIT[0m
  ↳ app/controllers/songs_controller.rb:38:in `destroy'
Completed 204 No Content in 7ms (ActiveRecord: 2.9ms | Allocations: 2437)


Started GET "/songs" for ::1 at 2020-08-06 13:26:40 -0400
Processing by SongsController#index as */*
  Parameters: {"song"=>{"title"=>"Goodbye Yellow Brick Road", "artist"=>"Elton John", "time"=>"4:00"}}
  [1m[36mSong Load (0.5ms)[0m  [1m[34mSELECT "songs".* FROM "songs"[0m
  ↳ app/controllers/songs_controller.rb:8:in `index'
Completed 200 OK in 4ms (Views: 3.4ms | ActiveRecord: 0.5ms | Allocations: 1593)


Started GET "//songs" for ::1 at 2020-08-06 14:36:42 -0400
Started GET "//songs/faves" for ::1 at 2020-08-06 14:36:42 -0400
Processing by SongsController#show as HTML
  Parameters: {"id"=>"faves"}
Processing by SongsController#index as HTML
  [1m[36mSong Load (0.7ms)[0m  [1m[34mSELECT "songs".* FROM "songs"[0m
  ↳ app/controllers/songs_controller.rb:8:in `index'
  [1m[36mSong Load (1.2ms)[0m  [1m[34mSELECT "songs".* FROM "songs" WHERE "songs"."id" = $1 LIMIT $2[0m  [["id", nil], ["LIMIT", 1]]
Completed 200 OK in 3ms (Views: 2.6ms | ActiveRecord: 0.7ms | Allocations: 1741)


  ↳ app/controllers/songs_controller.rb:44:in `set_song'
Completed 404 Not Found in 5ms (ActiveRecord: 1.8ms | Allocations: 2595)


  
ActiveRecord::RecordNotFound (Couldn't find Song with 'id'=faves):
  
app/controllers/songs_controller.rb:44:in `set_song'
Started GET "//songs" for ::1 at 2020-08-06 14:37:12 -0400
Started GET "//songs/faves" for ::1 at 2020-08-06 14:37:12 -0400
Processing by SongsController#index as HTML
Processing by SongsController#show as HTML
  Parameters: {"id"=>"faves"}
  [1m[36mSong Load (1.4ms)[0m  [1m[34mSELECT "songs".* FROM "songs"[0m
  ↳ app/controllers/songs_controller.rb:8:in `index'
Completed 200 OK in 11ms (Views: 8.9ms | ActiveRecord: 1.4ms | Allocations: 1970)


  [1m[36mSong Load (0.9ms)[0m  [1m[34mSELECT "songs".* FROM "songs" WHERE "songs"."id" = $1 LIMIT $2[0m  [["id", nil], ["LIMIT", 1]]
  ↳ app/controllers/songs_controller.rb:44:in `set_song'
Completed 404 Not Found in 11ms (ActiveRecord: 5.9ms | Allocations: 2367)


  
ActiveRecord::RecordNotFound (Couldn't find Song with 'id'=faves):
  
app/controllers/songs_controller.rb:44:in `set_song'
Started GET "/songs" for ::1 at 2020-08-06 14:38:02 -0400
Processing by SongsController#index as HTML
  [1m[36mSong Load (0.3ms)[0m  [1m[34mSELECT "songs".* FROM "songs"[0m
  ↳ app/controllers/songs_controller.rb:8:in `index'
Completed 200 OK in 3ms (Views: 1.9ms | ActiveRecord: 0.3ms | Allocations: 1588)


Started GET "//songs" for ::1 at 2020-08-06 14:41:00 -0400
Processing by SongsController#index as HTML
Started GET "//songs/faves" for ::1 at 2020-08-06 14:41:00 -0400
  [1m[36mSong Load (5.5ms)[0m  [1m[34mSELECT "songs".* FROM "songs"[0m
  ↳ app/controllers/songs_controller.rb:8:in `index'
Completed 200 OK in 10ms (Views: 3.9ms | ActiveRecord: 5.5ms | Allocations: 1891)


Processing by SongsController#show as HTML
  Parameters: {"id"=>"faves"}
  [1m[36mSong Load (0.4ms)[0m  [1m[34mSELECT "songs".* FROM "songs" WHERE "songs"."id" = $1 LIMIT $2[0m  [["id", nil], ["LIMIT", 1]]
  ↳ app/controllers/songs_controller.rb:44:in `set_song'
Completed 404 Not Found in 2ms (ActiveRecord: 0.4ms | Allocations: 628)


  
ActiveRecord::RecordNotFound (Couldn't find Song with 'id'=faves):
  
app/controllers/songs_controller.rb:44:in `set_song'
Started GET "//songs" for ::1 at 2020-08-06 14:42:03 -0400
Started GET "//songs/faves" for ::1 at 2020-08-06 14:42:03 -0400
Processing by SongsController#index as HTML
Processing by SongsController#show as HTML
  Parameters: {"id"=>"faves"}
  [1m[36mSong Load (8.3ms)[0m  [1m[34mSELECT "songs".* FROM "songs"[0m
  [1m[36mSong Load (5.8ms)[0m  [1m[34mSELECT "songs".* FROM "songs" WHERE "songs"."id" = $1 LIMIT $2[0m  [["id", nil], ["LIMIT", 1]]
  ↳ app/controllers/songs_controller.rb:8:in `index'
  ↳ app/controllers/songs_controller.rb:44:in `set_song'
Completed 200 OK in 14ms (Views: 2.8ms | ActiveRecord: 8.3ms | Allocations: 2381)


Completed 404 Not Found in 9ms (ActiveRecord: 5.8ms | Allocations: 2143)


  
ActiveRecord::RecordNotFound (Couldn't find Song with 'id'=faves):
  
app/controllers/songs_controller.rb:44:in `set_song'
Started GET "//songs" for ::1 at 2020-08-06 14:42:26 -0400
Started GET "//songs/faves" for ::1 at 2020-08-06 14:42:26 -0400
Processing by SongsController#index as HTML
Processing by SongsController#show as HTML
  Parameters: {"id"=>"faves"}
  [1m[36mSong Load (9.9ms)[0m  [1m[34mSELECT "songs".* FROM "songs"[0m
  ↳ app/controllers/songs_controller.rb:8:in `index'
Completed 200 OK in 13ms (Views: 2.3ms | ActiveRecord: 9.9ms | Allocations: 1696)


  [1m[36mSong Load (9.6ms)[0m  [1m[34mSELECT "songs".* FROM "songs" WHERE "songs"."id" = $1 LIMIT $2[0m  [["id", nil], ["LIMIT", 1]]
  ↳ app/controllers/songs_controller.rb:44:in `set_song'
Completed 404 Not Found in 14ms (ActiveRecord: 9.6ms | Allocations: 2328)


  
ActiveRecord::RecordNotFound (Couldn't find Song with 'id'=faves):
  
app/controllers/songs_controller.rb:44:in `set_song'
Started GET "//songs" for ::1 at 2020-08-06 14:44:13 -0400
Started GET "//songs/faves" for ::1 at 2020-08-06 14:44:13 -0400
Processing by SongsController#index as HTML
Processing by SongsController#show as HTML
  Parameters: {"id"=>"faves"}
  [1m[36mSong Load (10.1ms)[0m  [1m[34mSELECT "songs".* FROM "songs"[0m
  ↳ app/controllers/songs_controller.rb:8:in `index'
  [1m[36mSong Load (0.8ms)[0m  [1m[34mSELECT "songs".* FROM "songs" WHERE "songs"."id" = $1 LIMIT $2[0m  [["id", nil], ["LIMIT", 1]]
  ↳ app/controllers/songs_controller.rb:44:in `set_song'
Completed 200 OK in 13ms (Views: 2.6ms | ActiveRecord: 10.1ms | Allocations: 1944)


Completed 404 Not Found in 5ms (ActiveRecord: 0.8ms | Allocations: 2327)


  
ActiveRecord::RecordNotFound (Couldn't find Song with 'id'=faves):
  
app/controllers/songs_controller.rb:44:in `set_song'
Started GET "//songs" for ::1 at 2020-08-06 14:46:40 -0400
Started GET "//songs/faves" for ::1 at 2020-08-06 14:46:40 -0400
  [1m[35m (2.1ms)[0m  [1m[34mSELECT "schema_migrations"."version" FROM "schema_migrations" ORDER BY "schema_migrations"."version" ASC[0m
Processing by SongsController#show as HTML
  [1m[35m (2.0ms)[0m  [1m[34mSELECT "schema_migrations"."version" FROM "schema_migrations" ORDER BY "schema_migrations"."version" ASC[0m
Processing by SongsController#index as HTML
  Parameters: {"id"=>"faves"}
  [1m[36mSong Load (0.8ms)[0m  [1m[34mSELECT "songs".* FROM "songs"[0m
  ↳ app/controllers/songs_controller.rb:8:in `index'
  [1m[36mSong Load (0.4ms)[0m  [1m[34mSELECT "songs".* FROM "songs" WHERE "songs"."id" = $1 LIMIT $2[0m  [["id", nil], ["LIMIT", 1]]
  ↳ app/controllers/songs_controller.rb:44:in `set_song'
Completed 404 Not Found in 9ms (ActiveRecord: 6.1ms | Allocations: 2458)


Completed 200 OK in 18ms (Views: 8.7ms | ActiveRecord: 7.5ms | Allocations: 7359)


  
ActiveRecord::RecordNotFound (Couldn't find Song with 'id'=faves):
  
app/controllers/songs_controller.rb:44:in `set_song'
Started POST "//songs" for ::1 at 2020-08-06 14:49:53 -0400
Processing by SongsController#create as HTML
  Parameters: {"title"=>"Down in the Valley", "time"=>"5:04", "artist"=>"The Head and the Heart", "song"=>{"title"=>"Down in the Valley", "artist"=>"The Head and the Heart", "time"=>"5:04"}}
  [1m[35m (0.2ms)[0m  [1m[35mBEGIN[0m
  ↳ app/controllers/songs_controller.rb:20:in `create'
  [1m[36mSong Create (1.3ms)[0m  [1m[32mINSERT INTO "songs" ("title", "artist", "time", "created_at", "updated_at") VALUES ($1, $2, $3, $4, $5) RETURNING "id"[0m  [["title", "Down in the Valley"], ["artist", "The Head and the Heart"], ["time", "5:04"], ["created_at", "2020-08-06 18:49:53.981460"], ["updated_at", "2020-08-06 18:49:53.981460"]]
  ↳ app/controllers/songs_controller.rb:20:in `create'
  [1m[35m (1.8ms)[0m  [1m[35mCOMMIT[0m
  ↳ app/controllers/songs_controller.rb:20:in `create'
Completed 201 Created in 9ms (Views: 0.8ms | ActiveRecord: 3.4ms | Allocations: 2846)


Started GET "//songs/faves" for ::1 at 2020-08-06 14:49:54 -0400
Started GET "//songs" for ::1 at 2020-08-06 14:49:54 -0400
Processing by SongsController#show as HTML
  Parameters: {"id"=>"faves"}
Processing by SongsController#index as HTML
  [1m[36mSong Load (2.2ms)[0m  [1m[34mSELECT "songs".* FROM "songs" WHERE "songs"."id" = $1 LIMIT $2[0m  [["id", nil], ["LIMIT", 1]]
  ↳ app/controllers/songs_controller.rb:44:in `set_song'
  [1m[36mSong Load (1.1ms)[0m  [1m[34mSELECT "songs".* FROM "songs"[0m
Completed 404 Not Found in 5ms (ActiveRecord: 2.2ms | Allocations: 1035)


  ↳ app/controllers/songs_controller.rb:8:in `index'
Completed 200 OK in 7ms (Views: 5.1ms | ActiveRecord: 1.1ms | Allocations: 2785)


  
ActiveRecord::RecordNotFound (Couldn't find Song with 'id'=faves):
  
app/controllers/songs_controller.rb:44:in `set_song'
Started GET "//songs/faves" for ::1 at 2020-08-06 14:52:01 -0400
Started PUT "//songs/undefined/fav" for ::1 at 2020-08-06 14:52:01 -0400
Started GET "//songs" for ::1 at 2020-08-06 14:52:01 -0400
  
ActionController::RoutingError (No route matches [PUT] "/songs/undefined/fav"):
  
actionpack (6.0.3.2) lib/action_dispatch/middleware/debug_exceptions.rb:36:in `call'
actionpack (6.0.3.2) lib/action_dispatch/middleware/show_exceptions.rb:33:in `call'
railties (6.0.3.2) lib/rails/rack/logger.rb:37:in `call_app'
railties (6.0.3.2) lib/rails/rack/logger.rb:26:in `block in call'
activesupport (6.0.3.2) lib/active_support/tagged_logging.rb:80:in `block in tagged'
activesupport (6.0.3.2) lib/active_support/tagged_logging.rb:28:in `tagged'
activesupport (6.0.3.2) lib/active_support/tagged_logging.rb:80:in `tagged'
railties (6.0.3.2) lib/rails/rack/logger.rb:26:in `call'
actionpack (6.0.3.2) lib/action_dispatch/middleware/remote_ip.rb:81:in `call'
actionpack (6.0.3.2) lib/action_dispatch/middleware/request_id.rb:27:in `call'
rack (2.2.3) lib/rack/runtime.rb:22:in `call'
activesupport (6.0.3.2) lib/active_support/cache/strategy/local_cache_middleware.rb:29:in `call'
actionpack (6.0.3.2) lib/action_dispatch/middleware/executor.rb:14:in `call'
actionpack (6.0.3.2) lib/action_dispatch/middleware/static.rb:126:in `call'
rack (2.2.3) lib/rack/sendfile.rb:110:in `call'
actionpack (6.0.3.2) lib/action_dispatch/middleware/host_authorization.rb:82:in `call'
rack-cors (1.1.1) lib/rack/cors.rb:100:in `call'
railties (6.0.3.2) lib/rails/engine.rb:527:in `call'
puma (4.3.5) lib/puma/configuration.rb:228:in `call'
puma (4.3.5) lib/puma/server.rb:713:in `handle_request'
puma (4.3.5) lib/puma/server.rb:472:in `process_client'
puma (4.3.5) lib/puma/server.rb:328:in `block in run'
puma (4.3.5) lib/puma/thread_pool.rb:134:in `block in spawn_thread'
Processing by SongsController#show as HTML
  Parameters: {"id"=>"faves"}
  [1m[36mSong Load (71.0ms)[0m  [1m[34mSELECT "songs".* FROM "songs" WHERE "songs"."id" = $1 LIMIT $2[0m  [["id", nil], ["LIMIT", 1]]
  ↳ app/controllers/songs_controller.rb:44:in `set_song'
Completed 404 Not Found in 76ms (ActiveRecord: 71.5ms | Allocations: 17685)


  
ActiveRecord::RecordNotFound (Couldn't find Song with 'id'=faves):
  
app/controllers/songs_controller.rb:44:in `set_song'
Started GET "//songs" for ::1 at 2020-08-06 14:52:01 -0400
Started GET "//songs/faves" for ::1 at 2020-08-06 14:52:01 -0400
Processing by SongsController#index as HTML
  [1m[36mSong Load (1.3ms)[0m  [1m[34mSELECT "songs".* FROM "songs"[0m
  ↳ app/controllers/songs_controller.rb:8:in `index'
Completed 200 OK in 4ms (Views: 2.6ms | ActiveRecord: 1.3ms | Allocations: 3122)


Processing by SongsController#index as HTML
  [1m[36mSong Load (0.8ms)[0m  [1m[34mSELECT "songs".* FROM "songs"[0m
  ↳ app/controllers/songs_controller.rb:8:in `index'
Completed 200 OK in 3ms (Views: 2.4ms | ActiveRecord: 0.8ms | Allocations: 3113)


Processing by SongsController#show as HTML
  Parameters: {"id"=>"faves"}
  [1m[36mSong Load (0.8ms)[0m  [1m[34mSELECT "songs".* FROM "songs" WHERE "songs"."id" = $1 LIMIT $2[0m  [["id", nil], ["LIMIT", 1]]
  ↳ app/controllers/songs_controller.rb:44:in `set_song'
Completed 404 Not Found in 6ms (ActiveRecord: 4.0ms | Allocations: 4317)


  
ActiveRecord::RecordNotFound (Couldn't find Song with 'id'=faves):
  
app/controllers/songs_controller.rb:44:in `set_song'
  [1m[36mSong Load (0.4ms)[0m  [1m[34mSELECT "songs".* FROM "songs" WHERE "songs"."id" = $1 LIMIT $2[0m  [["id", nil], ["LIMIT", 1]]
  [1m[36mSong Load (1.1ms)[0m  [1m[34mSELECT "songs".* FROM "songs" WHERE "songs"."favorite" = $1[0m  [["favorite", false]]
  [1m[36mSong Load (0.5ms)[0m  [1m[34mSELECT "songs".* FROM "songs" WHERE "songs"."favorite" = $1[0m  [["favorite", true]]
  [1m[36mSong Load (0.7ms)[0m  [1m[34mSELECT "songs".* FROM "songs" WHERE "songs"."favorite" = $1[0m  [["favorite", false]]
  [1m[36mSong Load (0.6ms)[0m  [1m[34mSELECT "songs".* FROM "songs" WHERE "songs"."favorite" = $1[0m  [["favorite", false]]
Started GET "/songs/faves" for ::1 at 2020-08-06 15:34:27 -0400
Processing by SongsController#show as HTML
  Parameters: {"id"=>"faves"}
  [1m[36mSong Load (0.5ms)[0m  [1m[34mSELECT "songs".* FROM "songs" WHERE "songs"."id" = $1 LIMIT $2[0m  [["id", nil], ["LIMIT", 1]]
  ↳ app/controllers/songs_controller.rb:50:in `set_song'
Completed 404 Not Found in 7ms (ActiveRecord: 0.8ms | Allocations: 1447)


  
ActiveRecord::RecordNotFound (Couldn't find Song with 'id'=faves):
  
app/controllers/songs_controller.rb:50:in `set_song'
Started GET "/songs" for ::1 at 2020-08-06 15:34:32 -0400
Processing by SongsController#index as HTML
  [1m[36mSong Load (0.4ms)[0m  [1m[34mSELECT "songs".* FROM "songs"[0m
  ↳ app/controllers/songs_controller.rb:8:in `index'
Completed 200 OK in 9ms (Views: 8.3ms | ActiveRecord: 0.4ms | Allocations: 5038)


Started GET "/" for ::1 at 2020-08-06 15:53:45 -0400
Processing by Rails::WelcomeController#index as HTML
  Rendering /Users/anniedavis/.rbenv/versions/2.7.1/lib/ruby/gems/2.7.0/gems/railties-6.0.3.2/lib/rails/templates/rails/welcome/index.html.erb
  Rendered /Users/anniedavis/.rbenv/versions/2.7.1/lib/ruby/gems/2.7.0/gems/railties-6.0.3.2/lib/rails/templates/rails/welcome/index.html.erb (Duration: 6.8ms | Allocations: 185)
Completed 200 OK in 11ms (Views: 7.8ms | ActiveRecord: 0.0ms | Allocations: 1008)


Started GET "/songs" for ::1 at 2020-08-06 15:53:50 -0400
Processing by SongsController#index as HTML
  [1m[36mSong Load (0.8ms)[0m  [1m[34mSELECT "songs".* FROM "songs"[0m
  ↳ app/controllers/songs_controller.rb:8:in `index'
Completed 200 OK in 14ms (Views: 9.9ms | ActiveRecord: 0.8ms | Allocations: 5663)


Started GET "/songs/faves" for ::1 at 2020-08-06 15:53:54 -0400
Processing by SongsController#show as HTML
  Parameters: {"id"=>"faves"}
  [1m[36mSong Load (0.4ms)[0m  [1m[34mSELECT "songs".* FROM "songs" WHERE "songs"."id" = $1 LIMIT $2[0m  [["id", nil], ["LIMIT", 1]]
  ↳ app/controllers/songs_controller.rb:44:in `set_song'
Completed 404 Not Found in 4ms (ActiveRecord: 0.6ms | Allocations: 767)


  
ActiveRecord::RecordNotFound (Couldn't find Song with 'id'=faves):
  
app/controllers/songs_controller.rb:44:in `set_song'
Started GET "/songs/" for ::1 at 2020-08-06 15:56:36 -0400
  [1m[35m (1.6ms)[0m  [1m[34mSELECT "schema_migrations"."version" FROM "schema_migrations" ORDER BY "schema_migrations"."version" ASC[0m
Processing by SongsController#index as HTML
  [1m[36mSong Load (0.7ms)[0m  [1m[34mSELECT "songs".* FROM "songs"[0m
  ↳ app/controllers/songs_controller.rb:8:in `index'
Completed 200 OK in 16ms (Views: 7.8ms | ActiveRecord: 7.2ms | Allocations: 6301)


Started GET "/songs/faves" for ::1 at 2020-08-06 15:56:39 -0400
Processing by SongsController#show as HTML
  Parameters: {"id"=>"faves"}
  [1m[36mSong Load (0.2ms)[0m  [1m[34mSELECT "songs".* FROM "songs" WHERE "songs"."id" = $1 LIMIT $2[0m  [["id", nil], ["LIMIT", 1]]
  ↳ app/controllers/songs_controller.rb:44:in `set_song'
Completed 404 Not Found in 10ms (ActiveRecord: 0.5ms | Allocations: 2167)


  
ActiveRecord::RecordNotFound (Couldn't find Song with 'id'=faves):
  
app/controllers/songs_controller.rb:44:in `set_song'
Started GET "/songs/4" for ::1 at 2020-08-06 15:57:52 -0400
Processing by SongsController#show as HTML
  Parameters: {"id"=>"4"}
  [1m[36mSong Load (0.3ms)[0m  [1m[34mSELECT "songs".* FROM "songs" WHERE "songs"."id" = $1 LIMIT $2[0m  [["id", 4], ["LIMIT", 1]]
  ↳ app/controllers/songs_controller.rb:44:in `set_song'
Completed 200 OK in 17ms (Views: 0.3ms | ActiveRecord: 4.9ms | Allocations: 5047)


Started GET "/songs/faves" for ::1 at 2020-08-06 15:57:55 -0400
Processing by SongsController#show as HTML
  Parameters: {"id"=>"faves"}
  [1m[36mSong Load (0.3ms)[0m  [1m[34mSELECT "songs".* FROM "songs" WHERE "songs"."id" = $1 LIMIT $2[0m  [["id", nil], ["LIMIT", 1]]
  ↳ app/controllers/songs_controller.rb:44:in `set_song'
Completed 404 Not Found in 1ms (ActiveRecord: 0.3ms | Allocations: 634)


  
ActiveRecord::RecordNotFound (Couldn't find Song with 'id'=faves):
  
app/controllers/songs_controller.rb:44:in `set_song'
Started GET "/faves" for ::1 at 2020-08-06 15:58:13 -0400
  
SyntaxError (/Users/anniedavis/Desktop/General_Assembly_files/SEI/WeekEleven/tunr-project-rails/tunr-app-api/app/controllers/faves_controller.rb:2: syntax error, unexpected ':', expecting end-of-input):
  
app/controllers/faves_controller.rb:2: syntax error, unexpected ':', expecting end-of-input
app/controllers/faves_controller.rb:2: syntax error, unexpected ':', expecting end-of-input
Started GET "/faves" for ::1 at 2020-08-06 15:58:48 -0400
Processing by FavesController#faves as HTML
Completed 500 Internal Server Error in 7ms (ActiveRecord: 1.6ms | Allocations: 954)


  
ActiveRecord::StatementInvalid (PG::UndefinedColumn: ERROR:  column songs.is_favorite does not exist
LINE 1: SELECT "songs".* FROM "songs" WHERE "songs"."is_favorite" = ...
                                            ^
HINT:  Perhaps you meant to reference the column "songs.favorite".
):
  
app/controllers/faves_controller.rb:5:in `faves'
Started GET "/faves" for ::1 at 2020-08-06 15:59:11 -0400
Processing by FavesController#faves as HTML
  [1m[36mSong Load (0.2ms)[0m  [1m[34mSELECT "songs".* FROM "songs" WHERE "songs"."favorite" = $1[0m  [["favorite", true]]
  ↳ app/controllers/faves_controller.rb:5:in `faves'
Completed 200 OK in 5ms (Views: 1.3ms | ActiveRecord: 1.7ms | Allocations: 1616)


Started GET "/favicon.ico" for ::1 at 2020-08-06 15:59:11 -0400
  
ActionController::RoutingError (No route matches [GET] "/favicon.ico"):
  
actionpack (6.0.3.2) lib/action_dispatch/middleware/debug_exceptions.rb:36:in `call'
actionpack (6.0.3.2) lib/action_dispatch/middleware/show_exceptions.rb:33:in `call'
railties (6.0.3.2) lib/rails/rack/logger.rb:37:in `call_app'
railties (6.0.3.2) lib/rails/rack/logger.rb:26:in `block in call'
activesupport (6.0.3.2) lib/active_support/tagged_logging.rb:80:in `block in tagged'
activesupport (6.0.3.2) lib/active_support/tagged_logging.rb:28:in `tagged'
activesupport (6.0.3.2) lib/active_support/tagged_logging.rb:80:in `tagged'
railties (6.0.3.2) lib/rails/rack/logger.rb:26:in `call'
actionpack (6.0.3.2) lib/action_dispatch/middleware/remote_ip.rb:81:in `call'
actionpack (6.0.3.2) lib/action_dispatch/middleware/request_id.rb:27:in `call'
rack (2.2.3) lib/rack/runtime.rb:22:in `call'
activesupport (6.0.3.2) lib/active_support/cache/strategy/local_cache_middleware.rb:29:in `call'
actionpack (6.0.3.2) lib/action_dispatch/middleware/executor.rb:14:in `call'
actionpack (6.0.3.2) lib/action_dispatch/middleware/static.rb:126:in `call'
rack (2.2.3) lib/rack/sendfile.rb:110:in `call'
actionpack (6.0.3.2) lib/action_dispatch/middleware/host_authorization.rb:82:in `call'
rack-cors (1.1.1) lib/rack/cors.rb:100:in `call'
railties (6.0.3.2) lib/rails/engine.rb:527:in `call'
puma (4.3.5) lib/puma/configuration.rb:228:in `call'
puma (4.3.5) lib/puma/server.rb:713:in `handle_request'
puma (4.3.5) lib/puma/server.rb:472:in `process_client'
puma (4.3.5) lib/puma/server.rb:328:in `block in run'
puma (4.3.5) lib/puma/thread_pool.rb:134:in `block in spawn_thread'
Started GET "//songs/faves" for ::1 at 2020-08-06 16:05:42 -0400
Started GET "//songs" for ::1 at 2020-08-06 16:05:42 -0400
Processing by SongsController#show as HTML
  Parameters: {"id"=>"faves"}
Processing by SongsController#index as HTML
  [1m[36mSong Load (0.7ms)[0m  [1m[34mSELECT "songs".* FROM "songs"[0m
  ↳ app/controllers/songs_controller.rb:8:in `index'
Completed 200 OK in 12ms (Views: 7.8ms | ActiveRecord: 4.4ms | Allocations: 5322)


  [1m[36mSong Load (0.9ms)[0m  [1m[34mSELECT "songs".* FROM "songs" WHERE "songs"."id" = $1 LIMIT $2[0m  [["id", nil], ["LIMIT", 1]]
  ↳ app/controllers/songs_controller.rb:44:in `set_song'
Completed 404 Not Found in 15ms (ActiveRecord: 13.4ms | Allocations: 6321)


  
ActiveRecord::RecordNotFound (Couldn't find Song with 'id'=faves):
  
app/controllers/songs_controller.rb:44:in `set_song'
Started GET "//faves" for ::1 at 2020-08-06 16:05:47 -0400
Started GET "//songs" for ::1 at 2020-08-06 16:05:47 -0400
Processing by FavesController#faves as HTML
Processing by SongsController#index as HTML
  [1m[36mSong Load (0.4ms)[0m  [1m[34mSELECT "songs".* FROM "songs"[0m
  ↳ app/controllers/songs_controller.rb:8:in `index'
Completed 200 OK in 6ms (Views: 5.7ms | ActiveRecord: 0.4ms | Allocations: 1765)


  [1m[36mSong Load (12.0ms)[0m  [1m[34mSELECT "songs".* FROM "songs" WHERE "songs"."favorite" = $1[0m  [["favorite", true]]
  ↳ app/controllers/faves_controller.rb:5:in `faves'
Completed 200 OK in 16ms (Views: 3.4ms | ActiveRecord: 12.7ms | Allocations: 2969)


Started GET "//songs" for ::1 at 2020-08-06 16:06:07 -0400
Started GET "//faves" for ::1 at 2020-08-06 16:06:07 -0400
Processing by SongsController#index as HTML
Processing by FavesController#faves as HTML
  [1m[36mSong Load (1.6ms)[0m  [1m[34mSELECT "songs".* FROM "songs"[0m
  ↳ app/controllers/songs_controller.rb:8:in `index'
Completed 200 OK in 4ms (Views: 2.5ms | ActiveRecord: 1.6ms | Allocations: 2101)


  [1m[36mSong Load (2.3ms)[0m  [1m[34mSELECT "songs".* FROM "songs" WHERE "songs"."favorite" = $1[0m  [["favorite", true]]
  ↳ app/controllers/faves_controller.rb:5:in `faves'
Completed 200 OK in 5ms (Views: 2.6ms | ActiveRecord: 2.3ms | Allocations: 2786)


Started GET "//songs" for ::1 at 2020-08-06 16:06:55 -0400
Started GET "//faves" for ::1 at 2020-08-06 16:06:55 -0400
Processing by FavesController#faves as HTML
Processing by SongsController#index as HTML
  [1m[36mSong Load (1.0ms)[0m  [1m[34mSELECT "songs".* FROM "songs" WHERE "songs"."favorite" = $1[0m  [["favorite", true]]
  ↳ app/controllers/faves_controller.rb:5:in `faves'
  [1m[36mSong Load (1.0ms)[0m  [1m[34mSELECT "songs".* FROM "songs"[0m
Completed 200 OK in 3ms (Views: 1.5ms | ActiveRecord: 1.0ms | Allocations: 1209)


  ↳ app/controllers/songs_controller.rb:8:in `index'
Completed 200 OK in 5ms (Views: 3.3ms | ActiveRecord: 1.0ms | Allocations: 2682)


Started GET "//songs" for ::1 at 2020-08-06 16:08:55 -0400
Started GET "//faves" for ::1 at 2020-08-06 16:08:55 -0400
Processing by SongsController#index as HTML
Processing by FavesController#faves as HTML
  [1m[36mSong Load (0.8ms)[0m  [1m[34mSELECT "songs".* FROM "songs"[0m
  ↳ app/controllers/songs_controller.rb:8:in `index'
Completed 200 OK in 5ms (Views: 3.9ms | ActiveRecord: 0.8ms | Allocations: 2107)


  [1m[36mSong Load (3.1ms)[0m  [1m[34mSELECT "songs".* FROM "songs" WHERE "songs"."favorite" = $1[0m  [["favorite", true]]
  ↳ app/controllers/faves_controller.rb:5:in `faves'
Completed 200 OK in 6ms (Views: 2.0ms | ActiveRecord: 3.1ms | Allocations: 2765)


Started GET "//songs" for ::1 at 2020-08-06 16:09:47 -0400
Started GET "//faves" for ::1 at 2020-08-06 16:09:47 -0400
Processing by SongsController#index as HTML
Processing by FavesController#faves as HTML
  [1m[36mSong Load (1.5ms)[0m  [1m[34mSELECT "songs".* FROM "songs"[0m
  ↳ app/controllers/songs_controller.rb:8:in `index'
  [1m[36mSong Load (0.8ms)[0m  [1m[34mSELECT "songs".* FROM "songs" WHERE "songs"."favorite" = $1[0m  [["favorite", true]]
Completed 200 OK in 4ms (Views: 2.0ms | ActiveRecord: 1.5ms | Allocations: 2122)


  ↳ app/controllers/faves_controller.rb:5:in `faves'
Completed 200 OK in 4ms (Views: 3.1ms | ActiveRecord: 0.8ms | Allocations: 2783)


Started GET "//songs" for ::1 at 2020-08-06 16:09:59 -0400
Started GET "//faves" for ::1 at 2020-08-06 16:09:59 -0400
Processing by SongsController#index as HTML
Processing by FavesController#faves as HTML
  [1m[36mSong Load (10.7ms)[0m  [1m[34mSELECT "songs".* FROM "songs"[0m
  ↳ app/controllers/songs_controller.rb:8:in `index'
Completed 200 OK in 14ms (Views: 3.3ms | ActiveRecord: 10.7ms | Allocations: 1880)


  [1m[36mSong Load (13.4ms)[0m  [1m[34mSELECT "songs".* FROM "songs" WHERE "songs"."favorite" = $1[0m  [["favorite", true]]
  ↳ app/controllers/faves_controller.rb:5:in `faves'
Completed 200 OK in 16ms (Views: 2.2ms | ActiveRecord: 13.4ms | Allocations: 2783)


Started GET "//songs" for ::1 at 2020-08-06 16:22:01 -0400
Started GET "//faves" for ::1 at 2020-08-06 16:22:01 -0400
Processing by SongsController#index as HTML
Processing by FavesController#faves as HTML
  [1m[36mSong Load (0.9ms)[0m  [1m[34mSELECT "songs".* FROM "songs"[0m
  ↳ app/controllers/songs_controller.rb:8:in `index'
Completed 200 OK in 4ms (Views: 2.7ms | ActiveRecord: 0.9ms | Allocations: 2005)


  [1m[36mSong Load (2.3ms)[0m  [1m[34mSELECT "songs".* FROM "songs" WHERE "songs"."favorite" = $1[0m  [["favorite", true]]
  ↳ app/controllers/faves_controller.rb:5:in `faves'
Completed 200 OK in 6ms (Views: 2.8ms | ActiveRecord: 2.4ms | Allocations: 2997)


Started GET "//songs" for ::1 at 2020-08-06 16:22:41 -0400
Started GET "//faves" for ::1 at 2020-08-06 16:22:41 -0400
Processing by SongsController#index as HTML
  [1m[36mSong Load (4.3ms)[0m  [1m[34mSELECT "songs".* FROM "songs"[0m
  ↳ app/controllers/songs_controller.rb:8:in `index'
Completed 200 OK in 7ms (Views: 2.7ms | ActiveRecord: 4.3ms | Allocations: 1777)


Processing by FavesController#faves as HTML
  [1m[36mSong Load (0.2ms)[0m  [1m[34mSELECT "songs".* FROM "songs" WHERE "songs"."favorite" = $1[0m  [["favorite", true]]
  ↳ app/controllers/faves_controller.rb:5:in `faves'
Completed 200 OK in 5ms (Views: 2.5ms | ActiveRecord: 2.0ms | Allocations: 965)


Started GET "//songs" for ::1 at 2020-08-06 16:23:13 -0400
Started GET "//faves" for ::1 at 2020-08-06 16:23:13 -0400
Processing by SongsController#index as HTML
Processing by FavesController#faves as HTML
  [1m[36mSong Load (1.3ms)[0m  [1m[34mSELECT "songs".* FROM "songs"[0m
  [1m[36mSong Load (0.3ms)[0m  [1m[34mSELECT "songs".* FROM "songs" WHERE "songs"."favorite" = $1[0m  [["favorite", true]]
  ↳ app/controllers/faves_controller.rb:5:in `faves'
  ↳ app/controllers/songs_controller.rb:8:in `index'
Completed 200 OK in 3ms (Views: 2.5ms | ActiveRecord: 0.3ms | Allocations: 1583)


Completed 200 OK in 7ms (Views: 5.0ms | ActiveRecord: 1.3ms | Allocations: 2699)


Started GET "//songs" for ::1 at 2020-08-06 16:24:17 -0400
Started GET "//faves" for ::1 at 2020-08-06 16:24:17 -0400
Processing by SongsController#index as HTML
Processing by FavesController#faves as HTML
  [1m[36mSong Load (11.7ms)[0m  [1m[34mSELECT "songs".* FROM "songs"[0m
  ↳ app/controllers/songs_controller.rb:8:in `index'
Completed 200 OK in 15ms (Views: 3.3ms | ActiveRecord: 11.7ms | Allocations: 1906)


  [1m[36mSong Load (11.0ms)[0m  [1m[34mSELECT "songs".* FROM "songs" WHERE "songs"."favorite" = $1[0m  [["favorite", true]]
  ↳ app/controllers/faves_controller.rb:5:in `faves'
Completed 200 OK in 17ms (Views: 5.3ms | ActiveRecord: 11.0ms | Allocations: 2784)


Started GET "//faves" for ::1 at 2020-08-06 16:24:44 -0400
Started GET "//songs" for ::1 at 2020-08-06 16:24:44 -0400
Processing by SongsController#index as HTML
Processing by FavesController#faves as HTML
  [1m[36mSong Load (3.4ms)[0m  [1m[34mSELECT "songs".* FROM "songs"[0m
  ↳ app/controllers/songs_controller.rb:8:in `index'
  [1m[36mSong Load (1.1ms)[0m  [1m[34mSELECT "songs".* FROM "songs" WHERE "songs"."favorite" = $1[0m  [["favorite", true]]
Completed 200 OK in 7ms (Views: 3.6ms | ActiveRecord: 3.4ms | Allocations: 2469)


  ↳ app/controllers/faves_controller.rb:5:in `faves'
Completed 200 OK in 8ms (Views: 3.8ms | ActiveRecord: 1.1ms | Allocations: 2784)


Started GET "//songs" for ::1 at 2020-08-06 16:24:47 -0400
Started GET "//faves" for ::1 at 2020-08-06 16:24:47 -0400
Processing by SongsController#index as HTML
Processing by FavesController#faves as HTML
  [1m[36mSong Load (0.7ms)[0m  [1m[34mSELECT "songs".* FROM "songs"[0m
  ↳ app/controllers/songs_controller.rb:8:in `index'
Completed 200 OK in 5ms (Views: 3.9ms | ActiveRecord: 0.7ms | Allocations: 2098)


  [1m[36mSong Load (3.1ms)[0m  [1m[34mSELECT "songs".* FROM "songs" WHERE "songs"."favorite" = $1[0m  [["favorite", true]]
  ↳ app/controllers/faves_controller.rb:5:in `faves'
Completed 200 OK in 6ms (Views: 2.2ms | ActiveRecord: 3.1ms | Allocations: 2767)


Started GET "//songs" for ::1 at 2020-08-06 16:26:28 -0400
Started GET "//faves" for ::1 at 2020-08-06 16:26:28 -0400
Processing by SongsController#index as HTML
Processing by FavesController#faves as HTML
  [1m[36mSong Load (0.6ms)[0m  [1m[34mSELECT "songs".* FROM "songs" WHERE "songs"."favorite" = $1[0m  [["favorite", true]]
  ↳ app/controllers/faves_controller.rb:5:in `faves'
Completed 200 OK in 4ms (Views: 2.4ms | ActiveRecord: 0.6ms | Allocations: 1042)


  [1m[36mSong Load (1.7ms)[0m  [1m[34mSELECT "songs".* FROM "songs"[0m
  ↳ app/controllers/songs_controller.rb:8:in `index'
Completed 200 OK in 8ms (Views: 4.5ms | ActiveRecord: 1.7ms | Allocations: 3027)


Started GET "//songs" for ::1 at 2020-08-06 16:26:44 -0400
Started GET "//faves" for ::1 at 2020-08-06 16:26:44 -0400
Processing by FavesController#faves as HTML
Processing by SongsController#index as HTML
  [1m[36mSong Load (6.1ms)[0m  [1m[34mSELECT "songs".* FROM "songs" WHERE "songs"."favorite" = $1[0m  [["favorite", true]]
  ↳ app/controllers/faves_controller.rb:5:in `faves'
Completed 200 OK in 9ms (Views: 2.6ms | ActiveRecord: 6.1ms | Allocations: 1279)


  [1m[36mSong Load (4.5ms)[0m  [1m[34mSELECT "songs".* FROM "songs"[0m
  ↳ app/controllers/songs_controller.rb:8:in `index'
Completed 200 OK in 9ms (Views: 3.2ms | ActiveRecord: 4.5ms | Allocations: 2734)


Started GET "//songs" for ::1 at 2020-08-06 16:27:09 -0400
Started GET "//faves" for ::1 at 2020-08-06 16:27:09 -0400
Processing by FavesController#faves as HTML
Processing by SongsController#index as HTML
  [1m[36mSong Load (4.9ms)[0m  [1m[34mSELECT "songs".* FROM "songs" WHERE "songs"."favorite" = $1[0m  [["favorite", true]]
  ↳ app/controllers/faves_controller.rb:5:in `faves'
Completed 200 OK in 7ms (Views: 1.6ms | ActiveRecord: 4.9ms | Allocations: 1052)


  [1m[36mSong Load (6.3ms)[0m  [1m[34mSELECT "songs".* FROM "songs"[0m
  ↳ app/controllers/songs_controller.rb:8:in `index'
Completed 200 OK in 9ms (Views: 2.7ms | ActiveRecord: 6.3ms | Allocations: 2734)


Started PUT "/songs/1" for ::1 at 2020-08-06 16:27:53 -0400
Processing by SongsController#update as */*
  Parameters: {"song"=>{"favorite"=>"true"}, "id"=>"1"}
  [1m[36mSong Load (0.3ms)[0m  [1m[34mSELECT "songs".* FROM "songs" WHERE "songs"."id" = $1 LIMIT $2[0m  [["id", 1], ["LIMIT", 1]]
  ↳ app/controllers/songs_controller.rb:44:in `set_song'
  [1m[35m (0.1ms)[0m  [1m[35mBEGIN[0m
  ↳ app/controllers/songs_controller.rb:29:in `update'
  [1m[36mSong Update (1.6ms)[0m  [1m[33mUPDATE "songs" SET "favorite" = $1, "updated_at" = $2 WHERE "songs"."id" = $3[0m  [["favorite", true], ["updated_at", "2020-08-06 20:27:53.751758"], ["id", 1]]
  ↳ app/controllers/songs_controller.rb:29:in `update'
  [1m[35m (1.4ms)[0m  [1m[35mCOMMIT[0m
  ↳ app/controllers/songs_controller.rb:29:in `update'
Completed 200 OK in 8ms (Views: 0.2ms | ActiveRecord: 3.4ms | Allocations: 3224)


Started GET "//songs" for ::1 at 2020-08-06 16:27:59 -0400
Processing by SongsController#index as HTML
Started GET "//faves" for ::1 at 2020-08-06 16:27:59 -0400
Processing by FavesController#faves as HTML
  [1m[36mSong Load (3.1ms)[0m  [1m[34mSELECT "songs".* FROM "songs"[0m
  ↳ app/controllers/songs_controller.rb:8:in `index'
Completed 200 OK in 6ms (Views: 2.6ms | ActiveRecord: 3.1ms | Allocations: 2410)


  [1m[36mSong Load (2.9ms)[0m  [1m[34mSELECT "songs".* FROM "songs" WHERE "songs"."favorite" = $1[0m  [["favorite", true]]
  ↳ app/controllers/faves_controller.rb:5:in `faves'
Completed 200 OK in 6ms (Views: 2.4ms | ActiveRecord: 2.9ms | Allocations: 2920)


Started GET "/faves/1" for ::1 at 2020-08-06 16:36:15 -0400
  
ActionController::RoutingError (No route matches [GET] "/faves/1"):
  
actionpack (6.0.3.2) lib/action_dispatch/middleware/debug_exceptions.rb:36:in `call'
actionpack (6.0.3.2) lib/action_dispatch/middleware/show_exceptions.rb:33:in `call'
railties (6.0.3.2) lib/rails/rack/logger.rb:37:in `call_app'
railties (6.0.3.2) lib/rails/rack/logger.rb:26:in `block in call'
activesupport (6.0.3.2) lib/active_support/tagged_logging.rb:80:in `block in tagged'
activesupport (6.0.3.2) lib/active_support/tagged_logging.rb:28:in `tagged'
activesupport (6.0.3.2) lib/active_support/tagged_logging.rb:80:in `tagged'
railties (6.0.3.2) lib/rails/rack/logger.rb:26:in `call'
actionpack (6.0.3.2) lib/action_dispatch/middleware/remote_ip.rb:81:in `call'
actionpack (6.0.3.2) lib/action_dispatch/middleware/request_id.rb:27:in `call'
rack (2.2.3) lib/rack/runtime.rb:22:in `call'
activesupport (6.0.3.2) lib/active_support/cache/strategy/local_cache_middleware.rb:29:in `call'
actionpack (6.0.3.2) lib/action_dispatch/middleware/executor.rb:14:in `call'
actionpack (6.0.3.2) lib/action_dispatch/middleware/static.rb:126:in `call'
rack (2.2.3) lib/rack/sendfile.rb:110:in `call'
actionpack (6.0.3.2) lib/action_dispatch/middleware/host_authorization.rb:82:in `call'
rack-cors (1.1.1) lib/rack/cors.rb:100:in `call'
railties (6.0.3.2) lib/rails/engine.rb:527:in `call'
puma (4.3.5) lib/puma/configuration.rb:228:in `call'
puma (4.3.5) lib/puma/server.rb:713:in `handle_request'
puma (4.3.5) lib/puma/server.rb:472:in `process_client'
puma (4.3.5) lib/puma/server.rb:328:in `block in run'
puma (4.3.5) lib/puma/thread_pool.rb:134:in `block in spawn_thread'
Started GET "/faves" for ::1 at 2020-08-06 16:36:29 -0400
Processing by FavesController#faves as HTML
  [1m[36mSong Load (0.7ms)[0m  [1m[34mSELECT "songs".* FROM "songs" WHERE "songs"."favorite" = $1[0m  [["favorite", true]]
  ↳ app/controllers/faves_controller.rb:5:in `faves'
Completed 200 OK in 19ms (Views: 7.2ms | ActiveRecord: 9.1ms | Allocations: 5318)


Started GET "/faves/1" for ::1 at 2020-08-06 16:36:56 -0400
  
ActionController::RoutingError (No route matches [GET] "/faves/1"):
  
actionpack (6.0.3.2) lib/action_dispatch/middleware/debug_exceptions.rb:36:in `call'
actionpack (6.0.3.2) lib/action_dispatch/middleware/show_exceptions.rb:33:in `call'
railties (6.0.3.2) lib/rails/rack/logger.rb:37:in `call_app'
railties (6.0.3.2) lib/rails/rack/logger.rb:26:in `block in call'
activesupport (6.0.3.2) lib/active_support/tagged_logging.rb:80:in `block in tagged'
activesupport (6.0.3.2) lib/active_support/tagged_logging.rb:28:in `tagged'
activesupport (6.0.3.2) lib/active_support/tagged_logging.rb:80:in `tagged'
railties (6.0.3.2) lib/rails/rack/logger.rb:26:in `call'
actionpack (6.0.3.2) lib/action_dispatch/middleware/remote_ip.rb:81:in `call'
actionpack (6.0.3.2) lib/action_dispatch/middleware/request_id.rb:27:in `call'
rack (2.2.3) lib/rack/runtime.rb:22:in `call'
activesupport (6.0.3.2) lib/active_support/cache/strategy/local_cache_middleware.rb:29:in `call'
actionpack (6.0.3.2) lib/action_dispatch/middleware/executor.rb:14:in `call'
actionpack (6.0.3.2) lib/action_dispatch/middleware/static.rb:126:in `call'
rack (2.2.3) lib/rack/sendfile.rb:110:in `call'
actionpack (6.0.3.2) lib/action_dispatch/middleware/host_authorization.rb:82:in `call'
rack-cors (1.1.1) lib/rack/cors.rb:100:in `call'
railties (6.0.3.2) lib/rails/engine.rb:527:in `call'
puma (4.3.5) lib/puma/configuration.rb:228:in `call'
puma (4.3.5) lib/puma/server.rb:713:in `handle_request'
puma (4.3.5) lib/puma/server.rb:472:in `process_client'
puma (4.3.5) lib/puma/server.rb:328:in `block in run'
puma (4.3.5) lib/puma/thread_pool.rb:134:in `block in spawn_thread'
Started GET "//songs" for ::1 at 2020-08-06 16:38:56 -0400
Started GET "//faves" for ::1 at 2020-08-06 16:38:56 -0400
Processing by SongsController#index as HTML
  [1m[36mSong Load (0.3ms)[0m  [1m[34mSELECT "songs".* FROM "songs"[0m
  ↳ app/controllers/songs_controller.rb:8:in `index'
Completed 200 OK in 13ms (Views: 6.9ms | ActiveRecord: 4.9ms | Allocations: 6236)


Processing by FavesController#faves as HTML
  [1m[36mSong Load (0.4ms)[0m  [1m[34mSELECT "songs".* FROM "songs" WHERE "songs"."favorite" = $1[0m  [["favorite", true]]
  ↳ app/controllers/faves_controller.rb:5:in `faves'
Completed 200 OK in 3ms (Views: 1.8ms | ActiveRecord: 0.6ms | Allocations: 1199)


Started GET "/faves" for ::1 at 2020-08-06 16:39:08 -0400
Processing by FavesController#faves as HTML
  [1m[36mSong Load (0.3ms)[0m  [1m[34mSELECT "songs".* FROM "songs" WHERE "songs"."favorite" = $1[0m  [["favorite", true]]
  ↳ app/controllers/faves_controller.rb:5:in `faves'
Completed 200 OK in 2ms (Views: 1.4ms | ActiveRecord: 0.3ms | Allocations: 1065)


Started GET "//songs" for ::1 at 2020-08-06 16:39:22 -0400
Started GET "//faves" for ::1 at 2020-08-06 16:39:22 -0400
Processing by FavesController#faves as HTML
Processing by SongsController#index as HTML
  [1m[36mSong Load (8.1ms)[0m  [1m[34mSELECT "songs".* FROM "songs" WHERE "songs"."favorite" = $1[0m  [["favorite", true]]
  ↳ app/controllers/faves_controller.rb:5:in `faves'
Completed 200 OK in 11ms (Views: 2.3ms | ActiveRecord: 8.1ms | Allocations: 1362)


  [1m[36mSong Load (7.7ms)[0m  [1m[34mSELECT "songs".* FROM "songs"[0m
  ↳ app/controllers/songs_controller.rb:8:in `index'
Completed 200 OK in 12ms (Views: 3.6ms | ActiveRecord: 7.7ms | Allocations: 2861)


Started GET "//songs" for ::1 at 2020-08-06 16:39:24 -0400
Started GET "//faves" for ::1 at 2020-08-06 16:39:24 -0400
Started PUT "//songs/undefined" for ::1 at 2020-08-06 16:39:24 -0400
Processing by SongsController#index as HTML
Processing by FavesController#faves as HTML
  [1m[36mSong Load (2.4ms)[0m  [1m[34mSELECT "songs".* FROM "songs"[0m
  ↳ app/controllers/songs_controller.rb:8:in `index'
Completed 200 OK in 6ms (Views: 3.7ms | ActiveRecord: 2.4ms | Allocations: 2330)


  [1m[36mSong Load (4.6ms)[0m  [1m[34mSELECT "songs".* FROM "songs" WHERE "songs"."favorite" = $1[0m  [["favorite", true]]
  ↳ app/controllers/faves_controller.rb:5:in `faves'
Completed 200 OK in 9ms (Views: 3.5ms | ActiveRecord: 4.6ms | Allocations: 2921)


Processing by SongsController#update as HTML
  Parameters: {"favorite"=>true, "id"=>"undefined", "song"=>{"favorite"=>true}}
  [1m[36mSong Load (0.6ms)[0m  [1m[34mSELECT "songs".* FROM "songs" WHERE "songs"."id" = $1 LIMIT $2[0m  [["id", nil], ["LIMIT", 1]]
  ↳ app/controllers/songs_controller.rb:44:in `set_song'
Completed 404 Not Found in 4ms (ActiveRecord: 0.8ms | Allocations: 866)


  
ActiveRecord::RecordNotFound (Couldn't find Song with 'id'=undefined):
  
app/controllers/songs_controller.rb:44:in `set_song'
Started GET "//songs" for ::1 at 2020-08-06 16:39:25 -0400
Started GET "//faves" for ::1 at 2020-08-06 16:39:25 -0400
Processing by SongsController#index as HTML
  [1m[36mSong Load (11.6ms)[0m  [1m[34mSELECT "songs".* FROM "songs"[0m
  ↳ app/controllers/songs_controller.rb:8:in `index'
Completed 200 OK in 15ms (Views: 2.9ms | ActiveRecord: 11.6ms | Allocations: 9754)


Processing by FavesController#faves as HTML
  [1m[36mSong Load (4.1ms)[0m  [1m[34mSELECT "songs".* FROM "songs" WHERE "songs"."favorite" = $1[0m  [["favorite", true]]
  ↳ app/controllers/faves_controller.rb:5:in `faves'
Completed 200 OK in 7ms (Views: 2.9ms | ActiveRecord: 4.1ms | Allocations: 1796)


Started GET "//songs" for ::1 at 2020-08-06 16:39:36 -0400
Started GET "//faves" for ::1 at 2020-08-06 16:39:36 -0400
Processing by SongsController#index as HTML
Processing by FavesController#faves as HTML
  [1m[36mSong Load (4.6ms)[0m  [1m[34mSELECT "songs".* FROM "songs"[0m
  ↳ app/controllers/songs_controller.rb:8:in `index'
Completed 200 OK in 9ms (Views: 3.6ms | ActiveRecord: 4.6ms | Allocations: 2108)


  [1m[36mSong Load (11.4ms)[0m  [1m[34mSELECT "songs".* FROM "songs" WHERE "songs"."favorite" = $1[0m  [["favorite", true]]
  ↳ app/controllers/faves_controller.rb:5:in `faves'
Completed 200 OK in 14ms (Views: 2.4ms | ActiveRecord: 11.4ms | Allocations: 2910)


Started GET "/faves" for ::1 at 2020-08-06 16:39:46 -0400
Processing by FavesController#faves as HTML
  [1m[36mSong Load (0.3ms)[0m  [1m[34mSELECT "songs".* FROM "songs" WHERE "songs"."favorite" = $1[0m  [["favorite", true]]
  ↳ app/controllers/faves_controller.rb:5:in `faves'
Completed 200 OK in 2ms (Views: 1.6ms | ActiveRecord: 0.3ms | Allocations: 1065)


Started PUT "//songs/undefined" for ::1 at 2020-08-06 16:41:19 -0400
Started GET "//songs" for ::1 at 2020-08-06 16:41:19 -0400
Processing by SongsController#update as HTML
Started GET "//faves" for ::1 at 2020-08-06 16:41:19 -0400
  Parameters: {"favorite"=>true, "id"=>"undefined", "song"=>{"favorite"=>true}}
Processing by SongsController#index as HTML
  [1m[36mSong Load (0.6ms)[0m  [1m[34mSELECT "songs".* FROM "songs" WHERE "songs"."id" = $1 LIMIT $2[0m  [["id", nil], ["LIMIT", 1]]
Processing by FavesController#faves as HTML
  ↳ app/controllers/songs_controller.rb:44:in `set_song'
  [1m[36mSong Load (2.8ms)[0m  [1m[34mSELECT "songs".* FROM "songs"[0m
Completed 404 Not Found in 5ms (ActiveRecord: 0.6ms | Allocations: 1403)


  [1m[36mSong Load (2.0ms)[0m  [1m[34mSELECT "songs".* FROM "songs" WHERE "songs"."favorite" = $1[0m  [["favorite", true]]
  ↳ app/controllers/faves_controller.rb:5:in `faves'
  ↳ app/controllers/songs_controller.rb:8:in `index'
Completed 200 OK in 6ms (Views: 3.9ms | ActiveRecord: 2.0ms | Allocations: 2306)


  
ActiveRecord::RecordNotFound (Couldn't find Song with 'id'=undefined):
  
app/controllers/songs_controller.rb:44:in `set_song'
Completed 200 OK in 10ms (Views: 7.4ms | ActiveRecord: 2.8ms | Allocations: 4084)


Started GET "//songs" for ::1 at 2020-08-06 16:41:20 -0400
Started GET "//faves" for ::1 at 2020-08-06 16:41:20 -0400
Processing by FavesController#faves as HTML
Processing by SongsController#index as HTML
  [1m[36mSong Load (2.1ms)[0m  [1m[34mSELECT "songs".* FROM "songs" WHERE "songs"."favorite" = $1[0m  [["favorite", true]]
  ↳ app/controllers/faves_controller.rb:5:in `faves'
  [1m[36mSong Load (1.6ms)[0m  [1m[34mSELECT "songs".* FROM "songs"[0m
Completed 200 OK in 6ms (Views: 3.9ms | ActiveRecord: 2.1ms | Allocations: 1793)


  ↳ app/controllers/songs_controller.rb:8:in `index'
Completed 200 OK in 5ms (Views: 3.2ms | ActiveRecord: 1.6ms | Allocations: 2833)


Started GET "//songs" for ::1 at 2020-08-06 16:42:36 -0400
Started GET "//faves" for ::1 at 2020-08-06 16:42:36 -0400
Processing by SongsController#index as HTML
Processing by FavesController#faves as HTML
  [1m[36mSong Load (1.7ms)[0m  [1m[34mSELECT "songs".* FROM "songs"[0m
  ↳ app/controllers/songs_controller.rb:8:in `index'
Completed 200 OK in 4ms (Views: 2.0ms | ActiveRecord: 1.7ms | Allocations: 2098)


  [1m[36mSong Load (5.3ms)[0m  [1m[34mSELECT "songs".* FROM "songs" WHERE "songs"."favorite" = $1[0m  [["favorite", true]]
  ↳ app/controllers/faves_controller.rb:5:in `faves'
Completed 200 OK in 7ms (Views: 1.8ms | ActiveRecord: 5.3ms | Allocations: 2910)


Started GET "//faves" for ::1 at 2020-08-06 16:43:39 -0400
Started GET "//songs" for ::1 at 2020-08-06 16:43:39 -0400
Processing by SongsController#index as HTML
Processing by FavesController#faves as HTML
  [1m[36mSong Load (0.5ms)[0m  [1m[34mSELECT "songs".* FROM "songs"[0m
  ↳ app/controllers/songs_controller.rb:8:in `index'
Completed 200 OK in 3ms (Views: 2.1ms | ActiveRecord: 0.5ms | Allocations: 1872)


  [1m[36mSong Load (7.8ms)[0m  [1m[34mSELECT "songs".* FROM "songs" WHERE "songs"."favorite" = $1[0m  [["favorite", true]]
  ↳ app/controllers/faves_controller.rb:5:in `faves'
Completed 200 OK in 13ms (Views: 5.5ms | ActiveRecord: 7.8ms | Allocations: 2914)


Started GET "//songs" for ::1 at 2020-08-06 16:43:42 -0400
Started GET "//faves" for ::1 at 2020-08-06 16:43:42 -0400
Processing by SongsController#index as HTML
Processing by FavesController#faves as HTML
  [1m[36mSong Load (0.9ms)[0m  [1m[34mSELECT "songs".* FROM "songs"[0m
  ↳ app/controllers/songs_controller.rb:8:in `index'
Completed 200 OK in 5ms (Views: 3.5ms | ActiveRecord: 0.9ms | Allocations: 2107)


  [1m[36mSong Load (2.9ms)[0m  [1m[34mSELECT "songs".* FROM "songs" WHERE "songs"."favorite" = $1[0m  [["favorite", true]]
  ↳ app/controllers/faves_controller.rb:5:in `faves'
Completed 200 OK in 6ms (Views: 2.9ms | ActiveRecord: 2.9ms | Allocations: 2892)


Started GET "//songs" for ::1 at 2020-08-06 16:44:04 -0400
Started GET "//faves" for ::1 at 2020-08-06 16:44:04 -0400
Processing by SongsController#index as HTML
Processing by FavesController#faves as HTML
  [1m[36mSong Load (6.7ms)[0m  [1m[34mSELECT "songs".* FROM "songs" WHERE "songs"."favorite" = $1[0m  [["favorite", true]]
  ↳ app/controllers/faves_controller.rb:5:in `faves'
  [1m[36mSong Load (9.6ms)[0m  [1m[34mSELECT "songs".* FROM "songs"[0m
  ↳ app/controllers/songs_controller.rb:8:in `index'
Completed 200 OK in 9ms (Views: 2.3ms | ActiveRecord: 6.7ms | Allocations: 1080)


Completed 200 OK in 13ms (Views: 2.8ms | ActiveRecord: 9.6ms | Allocations: 3006)


Started GET "//songs" for ::1 at 2020-08-06 16:44:07 -0400
Started GET "//faves" for ::1 at 2020-08-06 16:44:07 -0400
Started PUT "//songs/8" for ::1 at 2020-08-06 16:44:07 -0400
Processing by SongsController#index as HTML
Processing by FavesController#faves as HTML
  [1m[36mSong Load (1.3ms)[0m  [1m[34mSELECT "songs".* FROM "songs"[0m
Processing by SongsController#update as HTML
  Parameters: {"favorite"=>true, "id"=>"8", "song"=>{"favorite"=>true}}
  ↳ app/controllers/songs_controller.rb:8:in `index'
  [1m[36mSong Load (2.6ms)[0m  [1m[34mSELECT "songs".* FROM "songs" WHERE "songs"."favorite" = $1[0m  [["favorite", true]]
Completed 200 OK in 9ms (Views: 7.7ms | ActiveRecord: 1.3ms | Allocations: 2528)


  [1m[36mSong Load (4.7ms)[0m  [1m[34mSELECT "songs".* FROM "songs" WHERE "songs"."id" = $1 LIMIT $2[0m  [["id", 8], ["LIMIT", 1]]
  ↳ app/controllers/faves_controller.rb:5:in `faves'
Completed 200 OK in 11ms (Views: 8.2ms | ActiveRecord: 2.6ms | Allocations: 3690)


  ↳ app/controllers/songs_controller.rb:44:in `set_song'
  [1m[35m (0.2ms)[0m  [1m[35mBEGIN[0m
  ↳ app/controllers/songs_controller.rb:29:in `update'
  [1m[36mSong Update (0.7ms)[0m  [1m[33mUPDATE "songs" SET "favorite" = $1, "updated_at" = $2 WHERE "songs"."id" = $3[0m  [["favorite", true], ["updated_at", "2020-08-06 20:44:07.181449"], ["id", 8]]
  ↳ app/controllers/songs_controller.rb:29:in `update'
  [1m[35m (0.8ms)[0m  [1m[35mCOMMIT[0m
  ↳ app/controllers/songs_controller.rb:29:in `update'
Completed 200 OK in 15ms (Views: 0.5ms | ActiveRecord: 6.4ms | Allocations: 5414)


Started GET "//songs" for ::1 at 2020-08-06 16:44:07 -0400
Started GET "//faves" for ::1 at 2020-08-06 16:44:07 -0400
Processing by SongsController#index as HTML
Processing by FavesController#faves as HTML
  [1m[36mSong Load (2.0ms)[0m  [1m[34mSELECT "songs".* FROM "songs"[0m
  ↳ app/controllers/songs_controller.rb:8:in `index'
  [1m[36mSong Load (1.0ms)[0m  [1m[34mSELECT "songs".* FROM "songs" WHERE "songs"."favorite" = $1[0m  [["favorite", true]]
Completed 200 OK in 6ms (Views: 3.9ms | ActiveRecord: 2.0ms | Allocations: 2131)


  ↳ app/controllers/faves_controller.rb:5:in `faves'
Completed 200 OK in 7ms (Views: 5.8ms | ActiveRecord: 1.0ms | Allocations: 2976)


Started GET "//songs" for ::1 at 2020-08-06 16:45:18 -0400
Processing by SongsController#index as HTML
Started GET "//faves" for ::1 at 2020-08-06 16:45:18 -0400
  [1m[36mSong Load (4.6ms)[0m  [1m[34mSELECT "songs".* FROM "songs"[0m
  ↳ app/controllers/songs_controller.rb:8:in `index'
Completed 200 OK in 8ms (Views: 3.4ms | ActiveRecord: 4.6ms | Allocations: 1933)


Processing by FavesController#faves as HTML
  [1m[36mSong Load (0.9ms)[0m  [1m[34mSELECT "songs".* FROM "songs" WHERE "songs"."favorite" = $1[0m  [["favorite", true]]
  ↳ app/controllers/faves_controller.rb:5:in `faves'
Completed 200 OK in 3ms (Views: 1.6ms | ActiveRecord: 0.9ms | Allocations: 1192)


Started GET "//songs" for ::1 at 2020-08-06 16:45:28 -0400
Started GET "//faves" for ::1 at 2020-08-06 16:45:28 -0400
Processing by FavesController#faves as HTML
Processing by SongsController#index as HTML
  [1m[36mSong Load (0.5ms)[0m  [1m[34mSELECT "songs".* FROM "songs" WHERE "songs"."favorite" = $1[0m  [["favorite", true]]
  ↳ app/controllers/faves_controller.rb:5:in `faves'
  [1m[36mSong Load (1.0ms)[0m  [1m[34mSELECT "songs".* FROM "songs"[0m
Completed 200 OK in 3ms (Views: 2.6ms | ActiveRecord: 0.5ms | Allocations: 1504)


  ↳ app/controllers/songs_controller.rb:8:in `index'
Completed 200 OK in 6ms (Views: 4.7ms | ActiveRecord: 1.0ms | Allocations: 2909)


Started GET "//faves" for ::1 at 2020-08-06 16:45:31 -0400
Started GET "//songs" for ::1 at 2020-08-06 16:45:31 -0400
Processing by SongsController#index as HTML
Processing by FavesController#faves as HTML
  [1m[36mSong Load (3.3ms)[0m  [1m[34mSELECT "songs".* FROM "songs"[0m
  ↳ app/controllers/songs_controller.rb:8:in `index'
Completed 200 OK in 7ms (Views: 2.9ms | ActiveRecord: 3.3ms | Allocations: 2107)


  [1m[36mSong Load (6.0ms)[0m  [1m[34mSELECT "songs".* FROM "songs" WHERE "songs"."favorite" = $1[0m  [["favorite", true]]
  ↳ app/controllers/faves_controller.rb:5:in `faves'
Completed 200 OK in 9ms (Views: 2.3ms | ActiveRecord: 6.0ms | Allocations: 3037)


Started PUT "//songs/undefined" for ::1 at 2020-08-06 16:45:33 -0400
Started GET "//songs" for ::1 at 2020-08-06 16:45:33 -0400
Started GET "//faves" for ::1 at 2020-08-06 16:45:33 -0400
Processing by SongsController#update as HTML
  Parameters: {"favorite"=>false, "id"=>"undefined", "song"=>{"favorite"=>false}}
Processing by SongsController#index as HTML
  [1m[36mSong Load (0.8ms)[0m  [1m[34mSELECT "songs".* FROM "songs" WHERE "songs"."id" = $1 LIMIT $2[0m  [["id", nil], ["LIMIT", 1]]
  ↳ app/controllers/songs_controller.rb:44:in `set_song'
Completed 404 Not Found in 3ms (ActiveRecord: 0.8ms | Allocations: 950)


  [1m[36mSong Load (1.6ms)[0m  [1m[34mSELECT "songs".* FROM "songs"[0m
Processing by FavesController#faves as HTML
  
ActiveRecord::RecordNotFound (Couldn't find Song with 'id'=undefined):
  
app/controllers/songs_controller.rb:44:in `set_song'
  ↳ app/controllers/songs_controller.rb:8:in `index'
  [1m[36mSong Load (108.1ms)[0m  [1m[34mSELECT "songs".* FROM "songs" WHERE "songs"."favorite" = $1[0m  [["favorite", true]]
  ↳ app/controllers/faves_controller.rb:5:in `faves'
Completed 200 OK in 116ms (Views: 113.9ms | ActiveRecord: 1.6ms | Allocations: 93765)


Completed 200 OK in 115ms (Views: 5.9ms | ActiveRecord: 108.1ms | Allocations: 95078)


Started GET "//songs" for ::1 at 2020-08-06 16:45:34 -0400
Started GET "//faves" for ::1 at 2020-08-06 16:45:34 -0400
Processing by SongsController#index as HTML
Processing by FavesController#faves as HTML
  [1m[36mSong Load (2.6ms)[0m  [1m[34mSELECT "songs".* FROM "songs"[0m
  ↳ app/controllers/songs_controller.rb:8:in `index'
  [1m[36mSong Load (2.3ms)[0m  [1m[34mSELECT "songs".* FROM "songs" WHERE "songs"."favorite" = $1[0m  [["favorite", true]]
Completed 200 OK in 9ms (Views: 5.7ms | ActiveRecord: 2.6ms | Allocations: 3216)


  ↳ app/controllers/faves_controller.rb:5:in `faves'
Completed 200 OK in 12ms (Views: 9.5ms | ActiveRecord: 2.3ms | Allocations: 5940)


Started GET "//songs" for ::1 at 2020-08-06 16:45:36 -0400
Started GET "//faves" for ::1 at 2020-08-06 16:45:36 -0400
Processing by SongsController#index as HTML
Processing by FavesController#faves as HTML
  [1m[36mSong Load (5.4ms)[0m  [1m[34mSELECT "songs".* FROM "songs"[0m
  [1m[36mSong Load (0.9ms)[0m  [1m[34mSELECT "songs".* FROM "songs" WHERE "songs"."favorite" = $1[0m  [["favorite", true]]
  ↳ app/controllers/songs_controller.rb:8:in `index'
  ↳ app/controllers/faves_controller.rb:5:in `faves'
Completed 200 OK in 9ms (Views: 3.2ms | ActiveRecord: 5.4ms | Allocations: 2800)


Completed 200 OK in 5ms (Views: 4.0ms | ActiveRecord: 0.9ms | Allocations: 2836)


Started GET "//songs" for ::1 at 2020-08-06 16:45:48 -0400
Started GET "//faves" for ::1 at 2020-08-06 16:45:48 -0400
Processing by SongsController#index as HTML
Processing by FavesController#faves as HTML
  [1m[36mSong Load (1.7ms)[0m  [1m[34mSELECT "songs".* FROM "songs" WHERE "songs"."favorite" = $1[0m  [["favorite", true]]
  ↳ app/controllers/faves_controller.rb:5:in `faves'
Completed 200 OK in 5ms (Views: 2.8ms | ActiveRecord: 1.7ms | Allocations: 1192)


  [1m[36mSong Load (10.7ms)[0m  [1m[34mSELECT "songs".* FROM "songs"[0m
  ↳ app/controllers/songs_controller.rb:8:in `index'
Completed 200 OK in 14ms (Views: 2.8ms | ActiveRecord: 10.7ms | Allocations: 3151)


Started GET "//faves" for ::1 at 2020-08-06 16:45:52 -0400
Started GET "//songs" for ::1 at 2020-08-06 16:45:52 -0400
Processing by FavesController#faves as HTML
Processing by SongsController#index as HTML
  [1m[36mSong Load (1.1ms)[0m  [1m[34mSELECT "songs".* FROM "songs"[0m
  ↳ app/controllers/songs_controller.rb:8:in `index'
  [1m[36mSong Load (1.7ms)[0m  [1m[34mSELECT "songs".* FROM "songs" WHERE "songs"."favorite" = $1[0m  [["favorite", true]]
Completed 200 OK in 5ms (Views: 3.6ms | ActiveRecord: 1.1ms | Allocations: 1897)


  ↳ app/controllers/faves_controller.rb:5:in `faves'
Completed 200 OK in 8ms (Views: 5.1ms | ActiveRecord: 1.7ms | Allocations: 3155)


Started PUT "//songs/8" for ::1 at 2020-08-06 16:45:53 -0400
Started GET "//songs" for ::1 at 2020-08-06 16:45:53 -0400
Processing by SongsController#update as HTML
Started GET "//faves" for ::1 at 2020-08-06 16:45:53 -0400
  Parameters: {"favorite"=>false, "id"=>"8", "song"=>{"favorite"=>false}}
Processing by SongsController#index as HTML
  [1m[36mSong Load (1.3ms)[0m  [1m[34mSELECT "songs".* FROM "songs" WHERE "songs"."id" = $1 LIMIT $2[0m  [["id", 8], ["LIMIT", 1]]
  ↳ app/controllers/songs_controller.rb:44:in `set_song'
  [1m[36mSong Load (1.7ms)[0m  [1m[34mSELECT "songs".* FROM "songs"[0m
  [1m[35m (0.3ms)[0m  [1m[35mBEGIN[0m
Processing by FavesController#faves as HTML
  ↳ app/controllers/songs_controller.rb:8:in `index'
  ↳ app/controllers/songs_controller.rb:29:in `update'
Completed 200 OK in 11ms (Views: 9.4ms | ActiveRecord: 1.7ms | Allocations: 3714)


  [1m[36mSong Load (3.2ms)[0m  [1m[34mSELECT "songs".* FROM "songs" WHERE "songs"."favorite" = $1[0m  [["favorite", true]]
  ↳ app/controllers/faves_controller.rb:5:in `faves'
  [1m[36mSong Update (1.7ms)[0m  [1m[33mUPDATE "songs" SET "favorite" = $1, "updated_at" = $2 WHERE "songs"."id" = $3[0m  [["favorite", false], ["updated_at", "2020-08-06 20:45:53.827130"], ["id", 8]]
Completed 200 OK in 7ms (Views: 2.9ms | ActiveRecord: 3.2ms | Allocations: 2463)


  ↳ app/controllers/songs_controller.rb:29:in `update'
  [1m[35m (0.8ms)[0m  [1m[35mCOMMIT[0m
  ↳ app/controllers/songs_controller.rb:29:in `update'
Completed 200 OK in 19ms (Views: 0.4ms | ActiveRecord: 4.1ms | Allocations: 6910)


Started GET "//songs" for ::1 at 2020-08-06 16:45:53 -0400
Started GET "//faves" for ::1 at 2020-08-06 16:45:53 -0400
Processing by FavesController#faves as HTML
Processing by SongsController#index as HTML
  [1m[36mSong Load (0.6ms)[0m  [1m[34mSELECT "songs".* FROM "songs" WHERE "songs"."favorite" = $1[0m  [["favorite", true]]
  ↳ app/controllers/faves_controller.rb:5:in `faves'
  [1m[36mSong Load (1.1ms)[0m  [1m[34mSELECT "songs".* FROM "songs"[0m
Completed 200 OK in 3ms (Views: 2.0ms | ActiveRecord: 0.6ms | Allocations: 1197)


  ↳ app/controllers/songs_controller.rb:8:in `index'
Completed 200 OK in 7ms (Views: 5.9ms | ActiveRecord: 1.1ms | Allocations: 2871)


Started GET "//songs" for ::1 at 2020-08-06 16:45:55 -0400
Processing by SongsController#index as HTML
Started PUT "//songs/1" for ::1 at 2020-08-06 16:45:55 -0400
Started GET "//faves" for ::1 at 2020-08-06 16:45:55 -0400
  [1m[36mSong Load (2.5ms)[0m  [1m[34mSELECT "songs".* FROM "songs"[0m
  ↳ app/controllers/songs_controller.rb:8:in `index'
Processing by SongsController#update as HTML
  Parameters: {"favorite"=>true, "id"=>"1", "song"=>{"favorite"=>true}}
Completed 200 OK in 10ms (Views: 7.2ms | ActiveRecord: 2.5ms | Allocations: 2635)


Processing by FavesController#faves as HTML
  [1m[36mSong Load (0.3ms)[0m  [1m[34mSELECT "songs".* FROM "songs" WHERE "songs"."favorite" = $1[0m  [["favorite", true]]
  [1m[36mSong Load (1.2ms)[0m  [1m[34mSELECT "songs".* FROM "songs" WHERE "songs"."id" = $1 LIMIT $2[0m  [["id", 1], ["LIMIT", 1]]
  ↳ app/controllers/faves_controller.rb:5:in `faves'
  ↳ app/controllers/songs_controller.rb:44:in `set_song'
Completed 200 OK in 3ms (Views: 2.4ms | ActiveRecord: 0.3ms | Allocations: 1528)


Completed 200 OK in 7ms (Views: 0.3ms | ActiveRecord: 1.2ms | Allocations: 2457)


Started GET "//songs" for ::1 at 2020-08-06 16:45:55 -0400
Started GET "//faves" for ::1 at 2020-08-06 16:45:55 -0400
Processing by SongsController#index as HTML
Processing by FavesController#faves as HTML
  [1m[36mSong Load (0.7ms)[0m  [1m[34mSELECT "songs".* FROM "songs"[0m
  ↳ app/controllers/songs_controller.rb:8:in `index'
Completed 200 OK in 4ms (Views: 2.8ms | ActiveRecord: 0.7ms | Allocations: 2065)


  [1m[36mSong Load (3.2ms)[0m  [1m[34mSELECT "songs".* FROM "songs" WHERE "songs"."favorite" = $1[0m  [["favorite", true]]
  ↳ app/controllers/faves_controller.rb:5:in `faves'
Completed 200 OK in 7ms (Views: 3.1ms | ActiveRecord: 3.2ms | Allocations: 2920)


Started PUT "//songs/8" for ::1 at 2020-08-06 16:45:58 -0400
Started GET "//songs" for ::1 at 2020-08-06 16:45:58 -0400
Started GET "//faves" for ::1 at 2020-08-06 16:45:58 -0400
Processing by SongsController#update as HTML
  Parameters: {"favorite"=>true, "id"=>"8", "song"=>{"favorite"=>true}}
  [1m[36mSong Load (0.4ms)[0m  [1m[34mSELECT "songs".* FROM "songs" WHERE "songs"."id" = $1 LIMIT $2[0m  [["id", 8], ["LIMIT", 1]]
  ↳ app/controllers/songs_controller.rb:44:in `set_song'
Processing by SongsController#index as HTML
Processing by FavesController#faves as HTML
  [1m[35m (1.9ms)[0m  [1m[35mBEGIN[0m
  [1m[36mSong Load (1.4ms)[0m  [1m[34mSELECT "songs".* FROM "songs"[0m
  ↳ app/controllers/songs_controller.rb:8:in `index'
Completed 200 OK in 9ms (Views: 7.0ms | ActiveRecord: 1.4ms | Allocations: 2684)


  [1m[36mSong Load (7.0ms)[0m  [1m[34mSELECT "songs".* FROM "songs" WHERE "songs"."favorite" = $1[0m  [["favorite", true]]
  ↳ app/controllers/faves_controller.rb:5:in `faves'
Completed 200 OK in 11ms (Views: 3.2ms | ActiveRecord: 7.0ms | Allocations: 3712)


  ↳ app/controllers/songs_controller.rb:29:in `update'
  [1m[36mSong Update (0.6ms)[0m  [1m[33mUPDATE "songs" SET "favorite" = $1, "updated_at" = $2 WHERE "songs"."id" = $3[0m  [["favorite", true], ["updated_at", "2020-08-06 20:45:58.807199"], ["id", 8]]
  ↳ app/controllers/songs_controller.rb:29:in `update'
  [1m[35m (0.5ms)[0m  [1m[35mCOMMIT[0m
  ↳ app/controllers/songs_controller.rb:29:in `update'
Completed 200 OK in 21ms (Views: 0.3ms | ActiveRecord: 3.5ms | Allocations: 6840)


Started GET "//songs" for ::1 at 2020-08-06 16:45:58 -0400
Processing by SongsController#index as HTML
Started GET "//faves" for ::1 at 2020-08-06 16:45:58 -0400
  [1m[36mSong Load (2.4ms)[0m  [1m[34mSELECT "songs".* FROM "songs"[0m
  ↳ app/controllers/songs_controller.rb:8:in `index'
Completed 200 OK in 6ms (Views: 3.0ms | ActiveRecord: 2.4ms | Allocations: 2053)


Processing by FavesController#faves as HTML
  [1m[36mSong Load (2.5ms)[0m  [1m[34mSELECT "songs".* FROM "songs" WHERE "songs"."favorite" = $1[0m  [["favorite", true]]
  ↳ app/controllers/faves_controller.rb:5:in `faves'
Completed 200 OK in 5ms (Views: 1.9ms | ActiveRecord: 2.5ms | Allocations: 1192)


Started GET "//faves" for ::1 at 2020-08-06 16:46:01 -0400
Started GET "//songs" for ::1 at 2020-08-06 16:46:01 -0400
Started PUT "//songs/6" for ::1 at 2020-08-06 16:46:01 -0400
Processing by FavesController#faves as HTML
Processing by SongsController#index as HTML
Processing by SongsController#update as HTML
  Parameters: {"favorite"=>true, "id"=>"6", "song"=>{"favorite"=>true}}
  [1m[36mSong Load (1.4ms)[0m  [1m[34mSELECT "songs".* FROM "songs" WHERE "songs"."favorite" = $1[0m  [["favorite", true]]
  ↳ app/controllers/faves_controller.rb:5:in `faves'
Completed 200 OK in 6ms (Views: 4.7ms | ActiveRecord: 1.4ms | Allocations: 1673)


  [1m[36mSong Load (1.9ms)[0m  [1m[34mSELECT "songs".* FROM "songs" WHERE "songs"."id" = $1 LIMIT $2[0m  [["id", 6], ["LIMIT", 1]]
  ↳ app/controllers/songs_controller.rb:44:in `set_song'
  [1m[36mSong Load (3.1ms)[0m  [1m[34mSELECT "songs".* FROM "songs"[0m
  ↳ app/controllers/songs_controller.rb:8:in `index'
  [1m[35m (0.9ms)[0m  [1m[35mBEGIN[0m
Completed 200 OK in 11ms (Views: 7.9ms | ActiveRecord: 3.1ms | Allocations: 3892)


  ↳ app/controllers/songs_controller.rb:29:in `update'
  [1m[36mSong Update (0.6ms)[0m  [1m[33mUPDATE "songs" SET "favorite" = $1, "updated_at" = $2 WHERE "songs"."id" = $3[0m  [["favorite", true], ["updated_at", "2020-08-06 20:46:01.070839"], ["id", 6]]
  ↳ app/controllers/songs_controller.rb:29:in `update'
  [1m[35m (0.6ms)[0m  [1m[35mCOMMIT[0m
  ↳ app/controllers/songs_controller.rb:29:in `update'
Completed 200 OK in 16ms (Views: 0.4ms | ActiveRecord: 4.1ms | Allocations: 6179)


Started GET "//songs" for ::1 at 2020-08-06 16:46:01 -0400
Started GET "//faves" for ::1 at 2020-08-06 16:46:01 -0400
Processing by SongsController#index as HTML
Processing by FavesController#faves as HTML
  [1m[36mSong Load (0.3ms)[0m  [1m[34mSELECT "songs".* FROM "songs" WHERE "songs"."favorite" = $1[0m  [["favorite", true]]
  [1m[36mSong Load (1.3ms)[0m  [1m[34mSELECT "songs".* FROM "songs"[0m
  ↳ app/controllers/faves_controller.rb:5:in `faves'
  ↳ app/controllers/songs_controller.rb:8:in `index'
Completed 200 OK in 5ms (Views: 4.1ms | ActiveRecord: 0.3ms | Allocations: 1967)


Completed 200 OK in 7ms (Views: 5.6ms | ActiveRecord: 1.3ms | Allocations: 3078)


Started PUT "//songs/6" for ::1 at 2020-08-06 16:46:02 -0400
Started GET "//faves" for ::1 at 2020-08-06 16:46:02 -0400
Processing by SongsController#update as HTML
  Parameters: {"favorite"=>false, "id"=>"6", "song"=>{"favorite"=>false}}
Started GET "//songs" for ::1 at 2020-08-06 16:46:02 -0400
Processing by FavesController#faves as HTML
  [1m[36mSong Load (2.4ms)[0m  [1m[34mSELECT "songs".* FROM "songs" WHERE "songs"."id" = $1 LIMIT $2[0m  [["id", 6], ["LIMIT", 1]]
  ↳ app/controllers/songs_controller.rb:44:in `set_song'
  [1m[36mSong Load (2.0ms)[0m  [1m[34mSELECT "songs".* FROM "songs" WHERE "songs"."favorite" = $1[0m  [["favorite", true]]
  [1m[35m (0.4ms)[0m  [1m[35mBEGIN[0m
Processing by SongsController#index as HTML
  ↳ app/controllers/faves_controller.rb:5:in `faves'
  ↳ app/controllers/songs_controller.rb:29:in `update'
Completed 200 OK in 7ms (Views: 4.7ms | ActiveRecord: 2.0ms | Allocations: 3263)


  [1m[36mSong Load (2.0ms)[0m  [1m[34mSELECT "songs".* FROM "songs"[0m
  ↳ app/controllers/songs_controller.rb:8:in `index'
Completed 200 OK in 6ms (Views: 3.8ms | ActiveRecord: 2.0ms | Allocations: 2493)


  [1m[36mSong Update (2.0ms)[0m  [1m[33mUPDATE "songs" SET "favorite" = $1, "updated_at" = $2 WHERE "songs"."id" = $3[0m  [["favorite", false], ["updated_at", "2020-08-06 20:46:02.376664"], ["id", 6]]
  ↳ app/controllers/songs_controller.rb:29:in `update'
  [1m[35m (0.5ms)[0m  [1m[35mCOMMIT[0m
  ↳ app/controllers/songs_controller.rb:29:in `update'
Completed 200 OK in 17ms (Views: 0.6ms | ActiveRecord: 5.3ms | Allocations: 7284)


Started GET "//songs" for ::1 at 2020-08-06 16:46:02 -0400
Started GET "//faves" for ::1 at 2020-08-06 16:46:02 -0400
Processing by SongsController#index as HTML
Processing by FavesController#faves as HTML
  [1m[36mSong Load (2.4ms)[0m  [1m[34mSELECT "songs".* FROM "songs" WHERE "songs"."favorite" = $1[0m  [["favorite", true]]
  ↳ app/controllers/faves_controller.rb:5:in `faves'
Completed 200 OK in 5ms (Views: 2.5ms | ActiveRecord: 2.4ms | Allocations: 1251)


  [1m[36mSong Load (4.3ms)[0m  [1m[34mSELECT "songs".* FROM "songs"[0m
  ↳ app/controllers/songs_controller.rb:8:in `index'
Completed 200 OK in 10ms (Views: 5.7ms | ActiveRecord: 4.3ms | Allocations: 3228)


Started PUT "//songs/8" for ::1 at 2020-08-06 16:46:03 -0400
Started GET "//songs" for ::1 at 2020-08-06 16:46:03 -0400
Started GET "//faves" for ::1 at 2020-08-06 16:46:03 -0400
Processing by SongsController#update as HTML
  Parameters: {"favorite"=>false, "id"=>"8", "song"=>{"favorite"=>false}}
Processing by FavesController#faves as HTML
  [1m[36mSong Load (1.3ms)[0m  [1m[34mSELECT "songs".* FROM "songs" WHERE "songs"."id" = $1 LIMIT $2[0m  [["id", 8], ["LIMIT", 1]]
Processing by SongsController#index as HTML
  ↳ app/controllers/songs_controller.rb:44:in `set_song'
  [1m[36mSong Load (1.7ms)[0m  [1m[34mSELECT "songs".* FROM "songs" WHERE "songs"."favorite" = $1[0m  [["favorite", true]]
  ↳ app/controllers/faves_controller.rb:5:in `faves'
Completed 200 OK in 11ms (Views: 8.3ms | ActiveRecord: 1.7ms | Allocations: 2069)


  [1m[36mSong Load (7.9ms)[0m  [1m[34mSELECT "songs".* FROM "songs"[0m
  ↳ app/controllers/songs_controller.rb:8:in `index'
Completed 200 OK in 11ms (Views: 2.4ms | ActiveRecord: 7.9ms | Allocations: 3140)


  [1m[35m (6.1ms)[0m  [1m[35mBEGIN[0m
  ↳ app/controllers/songs_controller.rb:29:in `update'
  [1m[36mSong Update (0.7ms)[0m  [1m[33mUPDATE "songs" SET "favorite" = $1, "updated_at" = $2 WHERE "songs"."id" = $3[0m  [["favorite", false], ["updated_at", "2020-08-06 20:46:03.573187"], ["id", 8]]
  ↳ app/controllers/songs_controller.rb:29:in `update'
  [1m[35m (0.4ms)[0m  [1m[35mCOMMIT[0m
  ↳ app/controllers/songs_controller.rb:29:in `update'
Completed 200 OK in 21ms (Views: 0.4ms | ActiveRecord: 8.5ms | Allocations: 6958)


Started GET "//faves" for ::1 at 2020-08-06 16:46:03 -0400
Started GET "//songs" for ::1 at 2020-08-06 16:46:03 -0400
Processing by FavesController#faves as HTML
Processing by SongsController#index as HTML
  [1m[36mSong Load (1.8ms)[0m  [1m[34mSELECT "songs".* FROM "songs" WHERE "songs"."favorite" = $1[0m  [["favorite", true]]
  ↳ app/controllers/faves_controller.rb:5:in `faves'
Completed 200 OK in 5ms (Views: 2.5ms | ActiveRecord: 1.8ms | Allocations: 1182)


  [1m[36mSong Load (2.8ms)[0m  [1m[34mSELECT "songs".* FROM "songs"[0m
  ↳ app/controllers/songs_controller.rb:8:in `index'
Completed 200 OK in 6ms (Views: 3.0ms | ActiveRecord: 2.8ms | Allocations: 2871)


Started GET "//faves" for ::1 at 2020-08-06 16:46:14 -0400
Started GET "//songs" for ::1 at 2020-08-06 16:46:14 -0400
Processing by SongsController#index as HTML
Processing by FavesController#faves as HTML
  [1m[36mSong Load (1.2ms)[0m  [1m[34mSELECT "songs".* FROM "songs"[0m
  [1m[36mSong Load (0.3ms)[0m  [1m[34mSELECT "songs".* FROM "songs" WHERE "songs"."favorite" = $1[0m  [["favorite", true]]
  ↳ app/controllers/songs_controller.rb:8:in `index'
  ↳ app/controllers/faves_controller.rb:5:in `faves'
Completed 200 OK in 5ms (Views: 4.5ms | ActiveRecord: 0.3ms | Allocations: 2709)


Completed 200 OK in 5ms (Views: 4.0ms | ActiveRecord: 1.2ms | Allocations: 2573)


Started PUT "//songs/2" for ::1 at 2020-08-06 16:46:14 -0400
Processing by SongsController#update as HTML
  Parameters: {"favorite"=>true, "id"=>"2", "song"=>{"favorite"=>true}}
  [1m[36mSong Load (0.5ms)[0m  [1m[34mSELECT "songs".* FROM "songs" WHERE "songs"."id" = $1 LIMIT $2[0m  [["id", 2], ["LIMIT", 1]]
  ↳ app/controllers/songs_controller.rb:44:in `set_song'
  [1m[35m (0.2ms)[0m  [1m[35mBEGIN[0m
  ↳ app/controllers/songs_controller.rb:29:in `update'
  [1m[36mSong Update (1.8ms)[0m  [1m[33mUPDATE "songs" SET "favorite" = $1, "updated_at" = $2 WHERE "songs"."id" = $3[0m  [["favorite", true], ["updated_at", "2020-08-06 20:46:14.996826"], ["id", 2]]
  ↳ app/controllers/songs_controller.rb:29:in `update'
  [1m[35m (0.5ms)[0m  [1m[35mCOMMIT[0m
  ↳ app/controllers/songs_controller.rb:29:in `update'
Completed 200 OK in 10ms (Views: 0.8ms | ActiveRecord: 2.9ms | Allocations: 3069)


Started GET "//songs" for ::1 at 2020-08-06 16:46:15 -0400
Started GET "//faves" for ::1 at 2020-08-06 16:46:15 -0400
Processing by SongsController#index as HTML
  [1m[36mSong Load (5.8ms)[0m  [1m[34mSELECT "songs".* FROM "songs"[0m
  ↳ app/controllers/songs_controller.rb:8:in `index'
Processing by FavesController#faves as HTML
Completed 200 OK in 12ms (Views: 5.5ms | ActiveRecord: 5.8ms | Allocations: 2107)


  [1m[36mSong Load (11.2ms)[0m  [1m[34mSELECT "songs".* FROM "songs" WHERE "songs"."favorite" = $1[0m  [["favorite", true]]
  ↳ app/controllers/faves_controller.rb:5:in `faves'
Completed 200 OK in 15ms (Views: 3.3ms | ActiveRecord: 11.2ms | Allocations: 2252)


Started GET "//songs" for ::1 at 2020-08-06 16:49:20 -0400
Started GET "//faves" for ::1 at 2020-08-06 16:49:20 -0400
Processing by SongsController#index as HTML
Processing by FavesController#faves as HTML
  [1m[36mSong Load (1.6ms)[0m  [1m[34mSELECT "songs".* FROM "songs"[0m
  [1m[36mSong Load (0.3ms)[0m  [1m[34mSELECT "songs".* FROM "songs" WHERE "songs"."favorite" = $1[0m  [["favorite", true]]
  ↳ app/controllers/faves_controller.rb:5:in `faves'
  ↳ app/controllers/songs_controller.rb:8:in `index'
Completed 200 OK in 4ms (Views: 3.1ms | ActiveRecord: 0.3ms | Allocations: 1837)


Completed 200 OK in 7ms (Views: 5.3ms | ActiveRecord: 1.6ms | Allocations: 3177)


Started PUT "//songs/8" for ::1 at 2020-08-06 16:49:24 -0400
Processing by SongsController#update as HTML
  Parameters: {"favorite"=>true, "id"=>"8", "song"=>{"favorite"=>true}}
  [1m[36mSong Load (0.9ms)[0m  [1m[34mSELECT "songs".* FROM "songs" WHERE "songs"."id" = $1 LIMIT $2[0m  [["id", 8], ["LIMIT", 1]]
  ↳ app/controllers/songs_controller.rb:44:in `set_song'
  [1m[35m (0.2ms)[0m  [1m[35mBEGIN[0m
  ↳ app/controllers/songs_controller.rb:29:in `update'
  [1m[36mSong Update (0.6ms)[0m  [1m[33mUPDATE "songs" SET "favorite" = $1, "updated_at" = $2 WHERE "songs"."id" = $3[0m  [["favorite", true], ["updated_at", "2020-08-06 20:49:24.043222"], ["id", 8]]
  ↳ app/controllers/songs_controller.rb:29:in `update'
  [1m[35m (0.8ms)[0m  [1m[35mCOMMIT[0m
  ↳ app/controllers/songs_controller.rb:29:in `update'
Completed 200 OK in 9ms (Views: 0.5ms | ActiveRecord: 2.5ms | Allocations: 3067)


Started GET "//songs" for ::1 at 2020-08-06 16:49:24 -0400
Started GET "//faves" for ::1 at 2020-08-06 16:49:24 -0400
Processing by SongsController#index as HTML
Processing by FavesController#faves as HTML
  [1m[36mSong Load (1.6ms)[0m  [1m[34mSELECT "songs".* FROM "songs" WHERE "songs"."favorite" = $1[0m  [["favorite", true]]
  ↳ app/controllers/faves_controller.rb:5:in `faves'
  [1m[36mSong Load (2.7ms)[0m  [1m[34mSELECT "songs".* FROM "songs"[0m
  ↳ app/controllers/songs_controller.rb:8:in `index'
Completed 200 OK in 5ms (Views: 2.8ms | ActiveRecord: 1.6ms | Allocations: 1355)


Completed 200 OK in 11ms (Views: 7.6ms | ActiveRecord: 2.7ms | Allocations: 3418)


Started PUT "//songs/1" for ::1 at 2020-08-06 16:49:25 -0400
Processing by SongsController#update as HTML
  Parameters: {"favorite"=>false, "id"=>"1", "song"=>{"favorite"=>false}}
  [1m[36mSong Load (1.5ms)[0m  [1m[34mSELECT "songs".* FROM "songs" WHERE "songs"."id" = $1 LIMIT $2[0m  [["id", 1], ["LIMIT", 1]]
  ↳ app/controllers/songs_controller.rb:44:in `set_song'
  [1m[35m (0.2ms)[0m  [1m[35mBEGIN[0m
  ↳ app/controllers/songs_controller.rb:29:in `update'
  [1m[36mSong Update (0.5ms)[0m  [1m[33mUPDATE "songs" SET "favorite" = $1, "updated_at" = $2 WHERE "songs"."id" = $3[0m  [["favorite", false], ["updated_at", "2020-08-06 20:49:25.587141"], ["id", 1]]
  ↳ app/controllers/songs_controller.rb:29:in `update'
  [1m[35m (0.9ms)[0m  [1m[35mCOMMIT[0m
  ↳ app/controllers/songs_controller.rb:29:in `update'
Completed 200 OK in 10ms (Views: 0.4ms | ActiveRecord: 3.1ms | Allocations: 3067)


Started GET "//songs" for ::1 at 2020-08-06 16:49:25 -0400
Started GET "//faves" for ::1 at 2020-08-06 16:49:25 -0400
Processing by SongsController#index as HTML
  [1m[36mSong Load (0.4ms)[0m  [1m[34mSELECT "songs".* FROM "songs"[0m
Processing by FavesController#faves as HTML
  ↳ app/controllers/songs_controller.rb:8:in `index'
Completed 200 OK in 5ms (Views: 4.1ms | ActiveRecord: 0.4ms | Allocations: 2107)


  [1m[36mSong Load (5.4ms)[0m  [1m[34mSELECT "songs".* FROM "songs" WHERE "songs"."favorite" = $1[0m  [["favorite", true]]
  ↳ app/controllers/faves_controller.rb:5:in `faves'
Completed 200 OK in 8ms (Views: 2.1ms | ActiveRecord: 5.4ms | Allocations: 2399)


Started GET "//faves" for ::1 at 2020-08-07 10:53:38 -0400
Started GET "//songs" for ::1 at 2020-08-07 10:53:38 -0400
Processing by FavesController#faves as HTML
Processing by SongsController#index as HTML
  [1m[36mSong Load (83.8ms)[0m  [1m[34mSELECT "songs".* FROM "songs" WHERE "songs"."favorite" = $1[0m  [["favorite", true]]
  ↳ app/controllers/faves_controller.rb:5:in `faves'
  [1m[36mSong Load (107.1ms)[0m  [1m[34mSELECT "songs".* FROM "songs"[0m
Completed 200 OK in 116ms (Views: 30.0ms | ActiveRecord: 84.3ms | Allocations: 1450)


  ↳ app/controllers/songs_controller.rb:8:in `index'
Completed 200 OK in 119ms (Views: 11.2ms | ActiveRecord: 107.1ms | Allocations: 3147)


Started PUT "//songs/2" for ::1 at 2020-08-07 10:53:43 -0400
Processing by SongsController#update as HTML
  Parameters: {"favorite"=>false, "id"=>"2", "song"=>{"favorite"=>false}}
  [1m[36mSong Load (2.3ms)[0m  [1m[34mSELECT "songs".* FROM "songs" WHERE "songs"."id" = $1 LIMIT $2[0m  [["id", 2], ["LIMIT", 1]]
  ↳ app/controllers/songs_controller.rb:44:in `set_song'
  [1m[35m (2.7ms)[0m  [1m[35mBEGIN[0m
  ↳ app/controllers/songs_controller.rb:29:in `update'
  [1m[36mSong Update (5.2ms)[0m  [1m[33mUPDATE "songs" SET "favorite" = $1, "updated_at" = $2 WHERE "songs"."id" = $3[0m  [["favorite", false], ["updated_at", "2020-08-07 14:53:43.754179"], ["id", 2]]
  ↳ app/controllers/songs_controller.rb:29:in `update'
  [1m[35m (27.9ms)[0m  [1m[35mCOMMIT[0m
  ↳ app/controllers/songs_controller.rb:29:in `update'
Completed 200 OK in 52ms (Views: 0.5ms | ActiveRecord: 38.7ms | Allocations: 3095)


Started GET "//songs" for ::1 at 2020-08-07 10:53:43 -0400
Started GET "//faves" for ::1 at 2020-08-07 10:53:43 -0400
Processing by SongsController#index as HTML
Processing by FavesController#faves as HTML
  [1m[36mSong Load (1.0ms)[0m  [1m[34mSELECT "songs".* FROM "songs"[0m
  ↳ app/controllers/songs_controller.rb:8:in `index'
  [1m[36mSong Load (3.3ms)[0m  [1m[34mSELECT "songs".* FROM "songs" WHERE "songs"."favorite" = $1[0m  [["favorite", true]]
  ↳ app/controllers/faves_controller.rb:5:in `faves'
Completed 200 OK in 23ms (Views: 18.8ms | ActiveRecord: 1.0ms | Allocations: 2123)


Completed 200 OK in 21ms (Views: 17.0ms | ActiveRecord: 3.3ms | Allocations: 2710)


Started PUT "//songs/3" for ::1 at 2020-08-07 10:53:46 -0400
Processing by SongsController#update as HTML
  Parameters: {"favorite"=>true, "id"=>"3", "song"=>{"favorite"=>true}}
  [1m[36mSong Load (0.5ms)[0m  [1m[34mSELECT "songs".* FROM "songs" WHERE "songs"."id" = $1 LIMIT $2[0m  [["id", 3], ["LIMIT", 1]]
  ↳ app/controllers/songs_controller.rb:44:in `set_song'
  [1m[35m (0.3ms)[0m  [1m[35mBEGIN[0m
  ↳ app/controllers/songs_controller.rb:29:in `update'
  [1m[36mSong Update (2.7ms)[0m  [1m[33mUPDATE "songs" SET "favorite" = $1, "updated_at" = $2 WHERE "songs"."id" = $3[0m  [["favorite", true], ["updated_at", "2020-08-07 14:53:46.376184"], ["id", 3]]
  ↳ app/controllers/songs_controller.rb:29:in `update'
  [1m[35m (0.7ms)[0m  [1m[35mCOMMIT[0m
  ↳ app/controllers/songs_controller.rb:29:in `update'
Completed 200 OK in 13ms (Views: 0.5ms | ActiveRecord: 4.2ms | Allocations: 3068)


Started GET "//songs" for ::1 at 2020-08-07 10:53:46 -0400
Started GET "//faves" for ::1 at 2020-08-07 10:53:46 -0400
Processing by SongsController#index as HTML
Processing by FavesController#faves as HTML
  [1m[36mSong Load (2.2ms)[0m  [1m[34mSELECT "songs".* FROM "songs"[0m
  [1m[36mSong Load (0.6ms)[0m  [1m[34mSELECT "songs".* FROM "songs" WHERE "songs"."favorite" = $1[0m  [["favorite", true]]
  ↳ app/controllers/songs_controller.rb:8:in `index'
  ↳ app/controllers/faves_controller.rb:5:in `faves'
Completed 200 OK in 8ms (Views: 5.5ms | ActiveRecord: 2.2ms | Allocations: 2791)


Completed 200 OK in 7ms (Views: 6.3ms | ActiveRecord: 0.6ms | Allocations: 2836)


Started GET "//songs" for ::1 at 2020-08-07 10:54:13 -0400
Started GET "//faves" for ::1 at 2020-08-07 10:54:13 -0400
Processing by SongsController#index as HTML
Processing by FavesController#faves as HTML
  [1m[36mSong Load (1.5ms)[0m  [1m[34mSELECT "songs".* FROM "songs"[0m
  ↳ app/controllers/songs_controller.rb:8:in `index'
Completed 200 OK in 7ms (Views: 3.9ms | ActiveRecord: 1.5ms | Allocations: 2114)


  [1m[36mSong Load (5.1ms)[0m  [1m[34mSELECT "songs".* FROM "songs" WHERE "songs"."favorite" = $1[0m  [["favorite", true]]
  ↳ app/controllers/faves_controller.rb:5:in `faves'
Completed 200 OK in 13ms (Views: 7.7ms | ActiveRecord: 5.1ms | Allocations: 3040)


Started GET "//songs" for ::1 at 2020-08-07 10:54:33 -0400
Started GET "//faves" for ::1 at 2020-08-07 10:54:33 -0400
Processing by SongsController#index as HTML
Processing by FavesController#faves as HTML
  [1m[36mSong Load (1.2ms)[0m  [1m[34mSELECT "songs".* FROM "songs"[0m
  ↳ app/controllers/songs_controller.rb:8:in `index'
Completed 200 OK in 4ms (Views: 3.0ms | ActiveRecord: 1.2ms | Allocations: 2098)


  [1m[36mSong Load (3.4ms)[0m  [1m[34mSELECT "songs".* FROM "songs" WHERE "songs"."favorite" = $1[0m  [["favorite", true]]
  ↳ app/controllers/faves_controller.rb:5:in `faves'
Completed 200 OK in 6ms (Views: 2.4ms | ActiveRecord: 3.4ms | Allocations: 3037)


Started GET "//songs" for ::1 at 2020-08-07 10:54:41 -0400
Started GET "//faves" for ::1 at 2020-08-07 10:54:41 -0400
Processing by FavesController#faves as HTML
Processing by SongsController#index as HTML
  [1m[36mSong Load (1.2ms)[0m  [1m[34mSELECT "songs".* FROM "songs" WHERE "songs"."favorite" = $1[0m  [["favorite", true]]
  ↳ app/controllers/faves_controller.rb:5:in `faves'
Completed 200 OK in 4ms (Views: 2.0ms | ActiveRecord: 1.2ms | Allocations: 1524)


  [1m[36mSong Load (2.0ms)[0m  [1m[34mSELECT "songs".* FROM "songs"[0m
  ↳ app/controllers/songs_controller.rb:8:in `index'
Completed 200 OK in 5ms (Views: 2.5ms | ActiveRecord: 2.0ms | Allocations: 2964)


Started DELETE "//songs/4" for ::1 at 2020-08-07 10:54:42 -0400
Processing by SongsController#destroy as HTML
  Parameters: {"id"=>"4"}
  [1m[36mSong Load (0.6ms)[0m  [1m[34mSELECT "songs".* FROM "songs" WHERE "songs"."id" = $1 LIMIT $2[0m  [["id", 4], ["LIMIT", 1]]
  ↳ app/controllers/songs_controller.rb:44:in `set_song'
  [1m[35m (1.1ms)[0m  [1m[35mBEGIN[0m
  ↳ app/controllers/songs_controller.rb:38:in `destroy'
  [1m[36mSong Destroy (2.9ms)[0m  [1m[31mDELETE FROM "songs" WHERE "songs"."id" = $1[0m  [["id", 4]]
  ↳ app/controllers/songs_controller.rb:38:in `destroy'
  [1m[35m (0.6ms)[0m  [1m[35mCOMMIT[0m
  ↳ app/controllers/songs_controller.rb:38:in `destroy'
Completed 204 No Content in 11ms (ActiveRecord: 5.1ms | Allocations: 2436)


Started GET "//songs" for ::1 at 2020-08-07 10:54:42 -0400
Started GET "//faves" for ::1 at 2020-08-07 10:54:42 -0400
Processing by SongsController#index as HTML
Processing by FavesController#faves as HTML
  [1m[36mSong Load (0.4ms)[0m  [1m[34mSELECT "songs".* FROM "songs" WHERE "songs"."favorite" = $1[0m  [["favorite", true]]
  ↳ app/controllers/faves_controller.rb:5:in `faves'
Completed 200 OK in 3ms (Views: 2.0ms | ActiveRecord: 0.4ms | Allocations: 1192)


  [1m[36mSong Load (9.7ms)[0m  [1m[34mSELECT "songs".* FROM "songs"[0m
  ↳ app/controllers/songs_controller.rb:8:in `index'
Completed 200 OK in 13ms (Views: 2.6ms | ActiveRecord: 9.7ms | Allocations: 3024)


Started DELETE "//songs/3" for ::1 at 2020-08-07 10:54:50 -0400
Processing by SongsController#destroy as HTML
  Parameters: {"id"=>"3"}
  [1m[36mSong Load (0.6ms)[0m  [1m[34mSELECT "songs".* FROM "songs" WHERE "songs"."id" = $1 LIMIT $2[0m  [["id", 3], ["LIMIT", 1]]
  ↳ app/controllers/songs_controller.rb:44:in `set_song'
  [1m[35m (0.2ms)[0m  [1m[35mBEGIN[0m
  ↳ app/controllers/songs_controller.rb:38:in `destroy'
  [1m[36mSong Destroy (0.6ms)[0m  [1m[31mDELETE FROM "songs" WHERE "songs"."id" = $1[0m  [["id", 3]]
  ↳ app/controllers/songs_controller.rb:38:in `destroy'
  [1m[35m (1.2ms)[0m  [1m[35mCOMMIT[0m
  ↳ app/controllers/songs_controller.rb:38:in `destroy'
Completed 204 No Content in 8ms (ActiveRecord: 2.5ms | Allocations: 2411)


Started GET "//songs" for ::1 at 2020-08-07 10:54:50 -0400
Started GET "//faves" for ::1 at 2020-08-07 10:54:50 -0400
Processing by SongsController#index as HTML
Processing by FavesController#faves as HTML
  [1m[36mSong Load (0.7ms)[0m  [1m[34mSELECT "songs".* FROM "songs"[0m
  ↳ app/controllers/songs_controller.rb:8:in `index'
  [1m[36mSong Load (1.2ms)[0m  [1m[34mSELECT "songs".* FROM "songs" WHERE "songs"."favorite" = $1[0m  [["favorite", true]]
Completed 200 OK in 5ms (Views: 3.5ms | ActiveRecord: 0.7ms | Allocations: 1656)


  ↳ app/controllers/faves_controller.rb:5:in `faves'
Completed 200 OK in 6ms (Views: 4.6ms | ActiveRecord: 1.2ms | Allocations: 2611)


